2200633 - - [29/Jun/1998:22:00:23 +0000] "GET /english/images/comp_hm_header.gif HTTP/1.0" 200 1189
2244210 - - [29/Jun/1998:22:00:23 +0000] "GET /english/images/hm_ligne2_col3.gif HTTP/1.1" 200 1412
62331 - - [29/Jun/1998:22:00:23 +0000] "GET /images/hm_ligne2_col1.gif HTTP/1.0" 200 322
715113 - - [29/Jun/1998:22:00:23 +0000] "GET /english/images/hm_btm_prol.gif HTTP/1.1" 200 1306
2200633 - - [29/Jun/1998:22:00:23 +0000] "GET /english/images/comp_bu_stage1n.gif HTTP/1.0" 200 1548
2358252 - - [29/Jun/1998:22:00:23 +0000] "GET /images/comp_bg2_hm.gif HTTP/1.0" 404 335
1605371 - - [29/Jun/1998:22:00:23 +0000] "GET /english/teams/teamgroup.htm HTTP/1.0" 304 0
637953 - - [29/Jun/1998:22:00:23 +0000] "GET /english/images/nav_hosts_off.gif HTTP/1.0" 200 914
14285 - - [29/Jun/1998:22:00:23 +0000] "GET /images/mpa4302l.jpg HTTP/1.0" 200 15054
2358197 - - [29/Jun/1998:22:00:23 +0000] "GET /images/clouds.gif HTTP/1.0" 200 175
2199015 - - [29/Jun/1998:22:00:23 +0000] "GET /images/acc_sponsors.gif HTTP/1.0" 200 2740
178284 - - [29/Jun/1998:22:00:23 +0000] "GET /english/nav_inet.html HTTP/1.1" 200 3038
2041103 - - [29/Jun/1998:22:00:23 +0000] "GET / HTTP/1.0" 200 4930
2358200 - - [29/Jun/1998:22:00:23 +0000] "GET /images/hm_hola.gif HTTP/1.1" 200 2240
291105 - - [29/Jun/1998:22:00:23 +0000] "GET /english/competition/statistics.htm HTTP/1.0" 200 17210
150593 - - [29/Jun/1998:22:00:23 +0000] "GET /english/images/comp_bu_groupsn.gif HTTP/1.0" 304 -
2358200 - - [29/Jun/1998:22:00:23 +0000] "GET /english/images/nav_fetes_off.gif HTTP/1.1" 200 694
2122755 - - [29/Jun/1998:22:00:23 +0000] "GET /english/images/hm_gold_goal.gif HTTP/1.0" 200 236
2358153 - - [29/Jun/1998:22:00:23 +0000] "GET /images/comp_hm_brac.gif HTTP/1.0" 200 254
2122755 - - [29/Jun/1998:22:00:23 +0000] "GET /english/images/hm_score_next_head.gif HTTP/1.0" 200 1426
502824 - - [29/Jun/1998:22:00:23 +0000] "GET /english/images/comp_bu_stage1n.gif HTTP/1.1" 200 1548
97056 - - [29/Jun/1998:22:00:23 +0000] "GET /english/images/match_results.gif HTTP/1.0" 304 -
2358180 - - [29/Jun/1998:22:00:23 +0000] "GET /images/hm_score_inter01.gif HTTP/1.1" 200 298
2357950 - - [29/Jun/1998:22:00:23 +0000] "GET /english/history/history_of/images/football/1846.gif HTTP/1.0" 200 1305
2027497 - - [29/Jun/1998:22:00:23 +0000] "GET /english/images/news_btn_part_off.gif HTTP/1.1" 200 1295
2358181 - - [29/Jun/1998:22:00:23 +0000] "GET /english/images/hm_ligne3_col2.gif HTTP/1.0" 200 1310
973845 - - [29/Jun/1998:22:00:23 +0000] "GET /english/images/nav_comp_off.gif HTTP/1.0" 200 994
1009442 - - [29/Jun/1998:22:00:23 +0000] "GET /english/images/nav_hosts_off.gif HTTP/1.0" 200 914
973845 - - [29/Jun/1998:22:00:23 +0000] "GET /english/images/nav_field_off.gif HTTP/1.0" 200 1005
1807098 - - [29/Jun/1998:22:00:23 +0000] "GET /french/images/hm_nav_bar.gif HTTP/1.0" 200 4020
1026784 - - [29/Jun/1998:22:00:23 +0000] "GET /images/pph80646.jpg HTTP/1.0" 200 7692
517497 - - [29/Jun/1998:22:00:23 +0000] "GET /images/logo_cfo.gif HTTP/1.0" 304 0
2357927 - - [29/Jun/1998:22:00:23 +0000] "GET /english/images/comp_bu_calendar.gif HTTP/1.0" 200 1197
1968767 - - [29/Jun/1998:22:00:23 +0000] "GET /english/images/hm_score_previous.gif HTTP/1.1" 304 0
557474 - - [29/Jun/1998:22:00:23 +0000] "GET /images/s102386.gif HTTP/1.0" 200 279
2100412 - - [29/Jun/1998:22:00:23 +0000] "GET /images/hm_score_inter01.gif HTTP/1.0" 200 298
210363 - - [29/Jun/1998:22:00:23 +0000] "GET /english/images/nav_sitemap_off.gif HTTP/1.0" 304 -
652398 - - [29/Jun/1998:22:00:23 +0000] "GET /images/logo_cfo.gif HTTP/1.1" 304 0
109516 - - [29/Jun/1998:22:00:23 +0000] "GET /english/images/hm_lbn_head.gif HTTP/1.0" 200 1273
115169 - - [29/Jun/1998:22:00:23 +0000] "GET /images/mpa1504.jpg HTTP/1.0" 200 4164
12905 - - [29/Jun/1998:22:00:23 +0000] "GET /images/102321.gif HTTP/1.0" 200 1602
843808 - - [29/Jun/1998:22:00:23 +0000] "GET /images/clouds.gif HTTP/1.0" 200 175
802 - - [29/Jun/1998:22:00:23 +0000] "GET /images/hm_factoids_02_03.gif HTTP/1.0" 304 0
2262210 - - [29/Jun/1998:22:00:23 +0000] "GET /images/s140875.gif HTTP/1.0" 304 0
1832662 - - [29/Jun/1998:22:00:23 +0000] "GET /images/hm_btm_btm.gif HTTP/1.0" 200 283
147858 - - [29/Jun/1998:22:00:23 +0000] "GET /images/hm_ligne1_col2.gif HTTP/1.0" 200 201
525062 - - [29/Jun/1998:22:00:23 +0000] "GET /images/mpa4907.jpg HTTP/1.0" 200 12459
1086059 - - [29/Jun/1998:22:00:23 +0000] "GET /images/hm_lbn_tp_btm.gif HTTP/1.0" 200 949
2262489 - - [29/Jun/1998:22:00:23 +0000] "GET /images/hm_ligne1_col2.gif HTTP/1.1" 200 201
2262489 - - [29/Jun/1998:22:00:23 +0000] "GET /images/hm_ligne1_col3.gif HTTP/1.1" 200 1065
2298374 - - [29/Jun/1998:22:00:23 +0000] "GET /images/backnews.gif HTTP/1.1" 200 3964
2298408 - - [29/Jun/1998:22:00:23 +0000] "GET /images/102380.gif HTTP/1.1" 304 0
16947 - - [29/Jun/1998:22:00:23 +0000] "GET /images/s102353.gif HTTP/1.0" 304 -
23014 - - [29/Jun/1998:22:00:23 +0000] "GET /images/hm_score_down_line03.gif HTTP/1.0" 200 90
684072 - - [29/Jun/1998:22:00:23 +0000] "GET /english/images/hm_caption_f98.gif HTTP/1.0" 200 9188
13920 - - [29/Jun/1998:22:00:23 +0000] "GET /images/hm_score_up_line01.gif HTTP/1.0" 200 106
1451072 - - [29/Jun/1998:22:00:23 +0000] "GET /english/images/nav_history_off.gif HTTP/1.0" 200 914
1431069 - - [29/Jun/1998:22:00:23 +0000] "GET /images/hm_score_up_line01.gif HTTP/1.0" 200 106
671279 - - [29/Jun/1998:22:00:23 +0000] "GET /images/mpa0207.jpg HTTP/1.1" 200 13165
104581 - - [29/Jun/1998:22:00:23 +0000] "GET /images/acc_welcome_e.gif HTTP/1.0" 200 2513
464582 - - [29/Jun/1998:22:00:23 +0000] "GET /english/images/hm_btm_luca.gif HTTP/1.1" 200 1308
1086059 - - [29/Jun/1998:22:00:23 +0000] "GET /images/hm_arw_02.gif HTTP/1.0" 200 482
671279 - - [29/Jun/1998:22:00:23 +0000] "GET /images/mpa1702.jpg HTTP/1.1" 200 3646
500735 - - [29/Jun/1998:22:00:23 +0000] "GET /images/hm_arw_03.gif HTTP/1.0" 200 472
23118 - - [29/Jun/1998:22:00:23 +0000] "GET /english/images/hm_score_previous_head.gif HTTP/1.0" 200 1500
1552484 - - [29/Jun/1998:22:00:23 +0000] "GET /english/images/hm_btm_luca.gif HTTP/1.1" 200 1308
2262236 - - [29/Jun/1998:22:00:23 +0000] "GET /english/images/comp_stat_hd.gif HTTP/1.0" 200 1473
2298408 - - [29/Jun/1998:22:00:23 +0000] "GET /images/mpa_head_r.gif HTTP/1.1" 200 277
23118 - - [29/Jun/1998:22:00:23 +0000] "GET /english/images/hm_score_next.gif HTTP/1.0" 200 938
779180 - - [29/Jun/1998:22:00:23 +0000] "GET /english/images/nav_comp_off.gif HTTP/1.1" 200 994
78501 - - [29/Jun/1998:22:00:23 +0000] "GET /images/hm_btm_btm.gif HTTP/1.0" 200 283
168357 - - [29/Jun/1998:22:00:23 +0000] "GET /images/acc_bg.gif HTTP/1.0" 200 10103
500735 - - [29/Jun/1998:22:00:23 +0000] "GET /english/images/hm_lbn_head.gif HTTP/1.0" 200 1273
13920 - - [29/Jun/1998:22:00:23 +0000] "GET /english/images/hm_score_previous_head.gif HTTP/1.0" 200 1500
205770 - - [29/Jun/1998:22:00:23 +0000] "GET /english/splash_inet.html HTTP/1.0" 200 45980
3436 - - [29/Jun/1998:22:00:23 +0000] "GET /images/ligneb.gif HTTP/1.0" 200 169
1137218 - - [29/Jun/1998:22:00:23 +0000] "GET /images/hm_arw_02.gif HTTP/1.0" 200 482
1174246 - - [29/Jun/1998:22:00:23 +0000] "GET /images/hm_lbn_tp_rborder.gif HTTP/1.1" 200 872
1431681 - - [29/Jun/1998:22:00:23 +0000] "GET /images/hm_lbn_tp_btm.gif HTTP/1.0" 200 949
646810 - - [29/Jun/1998:22:00:23 +0000] "GET /english/images/goal_keepers_off.gif HTTP/1.1" 200 676
556496 - - [29/Jun/1998:22:00:23 +0000] "GET /french/images/nav_history_off.gif HTTP/1.0" 200 966
875487 - - [29/Jun/1998:22:00:23 +0000] "GET /english/images/hm_lbn_head.gif HTTP/1.0" 200 1273
17954 - - [29/Jun/1998:22:00:23 +0000] "GET /images/s102424.gif HTTP/1.0" 200 164
1892805 - - [29/Jun/1998:22:00:23 +0000] "GET /images/hm_lbn_tp_rborder.gif HTTP/1.0" 200 872
17954 - - [29/Jun/1998:22:00:23 +0000] "GET /images/s102477.gif HTTP/1.0" 200 214
56947 - - [29/Jun/1998:22:00:23 +0000] "GET /english/images/fpnewstop.gif HTTP/1.0" 304 -
2200640 - - [29/Jun/1998:22:00:23 +0000] "GET / HTTP/1.0" 200 4930
249240 - - [29/Jun/1998:22:00:23 +0000] "GET /english/images/hm_score_next_head.gif HTTP/1.0" 200 1426
1873916 - - [29/Jun/1998:22:00:23 +0000] "GET /english/images/comp_bu_groupsn.gif HTTP/1.0" 304 0
3000 - - [29/Jun/1998:22:00:23 +0000] "GET /english/competition/matchstat8875.htm HTTP/1.0" 200 20136
704962 - - [29/Jun/1998:22:00:23 +0000] "GET /images/hm_ligne2_col1.gif HTTP/1.0" 200 322
2244210 - - [29/Jun/1998:22:00:23 +0000] "GET /english/images/nav_history_off.gif HTTP/1.1" 200 914
2200630 - - [29/Jun/1998:22:00:23 +0000] "GET /images/hm_arw_03.gif HTTP/1.0" 200 472
441585 - - [29/Jun/1998:22:00:23 +0000] "GET /images/102373s.gif HTTP/1.0" 304 0
1213926 - - [29/Jun/1998:22:00:23 +0000] "GET /images/hm_score_down_line01.gif HTTP/1.0" 200 90
1873916 - - [29/Jun/1998:22:00:23 +0000] "GET /images/comp_stage2_brc_top.gif HTTP/1.0" 304 0
2200622 - - [29/Jun/1998:22:00:23 +0000] "GET /english/images/store_anim_nav.gif HTTP/1.0" 200 3432
1346 - - [29/Jun/1998:22:00:23 +0000] "GET /images/backnews.gif HTTP/1.0" 304 0
133142 - - [29/Jun/1998:22:00:23 +0000] "GET /images/nav_bg_top.gif HTTP/1.0" 200 929
62331 - - [29/Jun/1998:22:00:23 +0000] "GET /images/hm_btm_arw05.gif HTTP/1.0" 200 360
133142 - - [29/Jun/1998:22:00:23 +0000] "GET /english/images/nav_hosts_off.gif HTTP/1.0" 200 914
877855 - - [29/Jun/1998:22:00:23 +0000] "GET /english/images/nav_news_off.gif HTTP/1.0" 200 853
2200647 - - [29/Jun/1998:22:00:23 +0000] "GET /images/acc_anime.gif HTTP/1.1" 200 16456
557414 - - [29/Jun/1998:22:00:23 +0000] "GET /images/comp_stage2_brc_top.gif HTTP/1.0" 304 0
2213 - - [29/Jun/1998:22:00:23 +0000] "GET /images/hm_ligne1_col3.gif HTTP/1.0" 200 1065
1848891 - - [29/Jun/1998:22:00:23 +0000] "GET /english/images/comp_bu_calendar.gif HTTP/1.1" 304 0
877855 - - [29/Jun/1998:22:00:23 +0000] "GET /images/dot.gif HTTP/1.0" 304 0
1848782 - - [29/Jun/1998:22:00:23 +0000] "GET /js/factoid.js HTTP/1.0" 200 12184
2213 - - [29/Jun/1998:22:00:23 +0000] "GET /english/images/hm_nav_bar.gif HTTP/1.0" 200 3792
2200634 - - [29/Jun/1998:22:00:23 +0000] "GET /images/hm_lbn_tp_rborder.gif HTTP/1.0" 200 872
1351681 - - [29/Jun/1998:22:00:23 +0000] "GET /english/images/nav_comp_off.gif HTTP/1.0" 200 994
1349624 - - [29/Jun/1998:22:00:23 +0000] "GET /images/mprev_link01b.gif HTTP/1.0" 200 184
147547 - - [29/Jun/1998:22:00:23 +0000] "GET /images/ligne01.gif HTTP/1.0" 200 169
19333 - - [29/Jun/1998:22:00:23 +0000] "GET /images/mpa1101.jpg HTTP/1.0" 200 4331
1568354 - - [29/Jun/1998:22:00:23 +0000] "GET /english/playing/images/anim/hall_on.gif HTTP/1.1" 200 4916
928283 - - [29/Jun/1998:22:00:23 +0000] "GET /images/102477s.gif HTTP/1.1" 304 0
2358172 - - [29/Jun/1998:22:00:23 +0000] "GET /images/hm_factoids_03_01.gif HTTP/1.1" 200 494
2357515 - - [29/Jun/1998:22:00:23 +0000] "GET /images/s102424.gif HTTP/1.0" 200 164
2358184 - - [29/Jun/1998:22:00:23 +0000] "GET /english/images/nav_venue_off.gif HTTP/1.0" 200 870
2418504 - - [29/Jun/1998:22:00:23 +0000] "GET /english/images/hm_nav_bar.gif HTTP/1.1" 200 3792
350839 - - [29/Jun/1998:22:00:23 +0000] "GET /images/mprev_link02.gif HTTP/1.1" 200 388
389046 - - [29/Jun/1998:22:00:23 +0000] "GET /images/s102384.gif HTTP/1.0" 200 148
1189862 - - [29/Jun/1998:22:00:23 +0000] "GET /js/factoid.js HTTP/1.0" 200 12184
861882 - - [29/Jun/1998:22:00:23 +0000] "GET /english/SoccerClock.class HTTP/1.0" 200 3867
655772 - - [29/Jun/1998:22:00:23 +0000] "GET /images/bra.gif HTTP/1.0" 200 2526
313292 - - [29/Jun/1998:22:00:23 +0000] "GET /english/images/news_btn_venue_off.gif HTTP/1.0" 200 1074
81501 - - [29/Jun/1998:22:00:23 +0000] "GET /images/f98f_shar_bg.gif HTTP/1.0" 200 20431
1729602 - - [29/Jun/1998:22:00:23 +0000] "GET /images/hm_arw_02.gif HTTP/1.0" 200 482
938361 - - [29/Jun/1998:22:00:23 +0000] "GET /french/news/se062804.htm HTTP/1.0" 200 6862
743 - - [29/Jun/1998:22:00:23 +0000] "GET /english/teams/teamroster138.htm HTTP/1.0" 200 56652
319355 - - [29/Jun/1998:22:00:23 +0000] "GET /images/teams_hm_bg.jpg HTTP/1.0" 200 18278
568263 - - [29/Jun/1998:22:00:23 +0000] "GET /english/images/comp_bu_stage1n.gif HTTP/1.1" 304 0
32530 - - [29/Jun/1998:22:00:23 +0000] "GET /french/images/news_btn_part_off.gif HTTP/1.0" 304 0
1715052 - - [29/Jun/1998:22:00:23 +0000] "GET /js/factoid.js HTTP/1.0" 200 12184
5919 - - [29/Jun/1998:22:00:23 +0000] "GET /images/hm_ligne1_col2.gif HTTP/1.1" 304 -
103175 - - [29/Jun/1998:22:00:23 +0000] "GET /english/history/history_of/images/football/1846.gif HTTP/1.0" 200 1305
726008 - - [29/Jun/1998:22:00:23 +0000] "GET /english/history/past_cups/images/past_bu_82_off.gif HTTP/1.1" 200 433
2298458 - - [29/Jun/1998:22:00:23 +0000] "GET /english/splash_inet.html HTTP/1.0" 200 45980
2088158 - - [29/Jun/1998:22:00:23 +0000] "GET /images/comp_bg2_hm.gif HTTP/1.0" 404 335
2358162 - - [29/Jun/1998:22:00:23 +0000] "GET /images/comp_bg2_hm.gif HTTP/1.0" 404 335
2055917 - - [29/Jun/1998:22:00:23 +0000] "GET /french/images/hm_score_previous_head.gif HTTP/1.0" 200 606
1128501 - - [29/Jun/1998:22:00:23 +0000] "GET /images/hp.gif HTTP/1.0" 200 71
974667 - - [29/Jun/1998:22:00:23 +0000] "GET /english/images/nav_sitemap_off.gif HTTP/1.0" 200 416
1171325 - - [29/Jun/1998:22:00:23 +0000] "GET /images/102321.gif HTTP/1.0" 304 0
2304087 - - [29/Jun/1998:22:00:23 +0000] "GET /english/images/hm_gold_goal.gif HTTP/1.0" 200 236
2358104 - - [29/Jun/1998:22:00:23 +0000] "GET /english/history/past_cups/images/past_bu_90_on.gif HTTP/1.0" 200 507
955562 - - [29/Jun/1998:22:00:23 +0000] "GET /images/s102321.gif HTTP/1.0" 200 218
1424161 - - [29/Jun/1998:22:00:23 +0000] "GET /english/images/top_scorers_off.gif HTTP/1.0" 200 582
605124 - - [29/Jun/1998:22:00:23 +0000] "GET /images/factoid_info.gif HTTP/1.0" 200 1005
686939 - - [29/Jun/1998:22:00:23 +0000] "GET /english/images/hm_ligne2_col3.gif HTTP/1.0" 200 1412
2358084 - - [29/Jun/1998:22:00:23 +0000] "GET /english/teams/teambio111.htm HTTP/1.0" 200 13206
2358172 - - [29/Jun/1998:22:00:23 +0000] "GET /english/images/news_btn_venue_off.gif HTTP/1.1" 200 1074
4524 - - [29/Jun/1998:22:00:23 +0000] "GET /english/individuals/playerphoto155670_1.htm HTTP/1.0" 200 3499
9517 - - [29/Jun/1998:22:00:23 +0000] "GET /english/images/hm_lbn_head.gif HTTP/1.0" 200 1273
34458 - - [29/Jun/1998:22:00:23 +0000] "GET /images/comp_stage2_brc_topr.gif HTTP/1.0" 304 0
178284 - - [29/Jun/1998:22:00:23 +0000] "GET /images/hm_score_inter02.gif HTTP/1.1" 200 305
350839 - - [29/Jun/1998:22:00:23 +0000] "GET /english/competition/matchstat8875.htm HTTP/1.1" 200 20136
2358179 - - [29/Jun/1998:22:00:23 +0000] "GET /images/102323.gif HTTP/1.0" 200 1340
1086922 - - [29/Jun/1998:22:00:23 +0000] "GET /images/hm_score_up_line02.gif HTTP/1.0" 200 89
452764 - - [29/Jun/1998:22:00:23 +0000] "GET /images/hm_score_up_line02.gif HTTP/1.1" 200 89
2055917 - - [29/Jun/1998:22:00:23 +0000] "GET /images/nav_bg_top.gif HTTP/1.0" 304 0
991315 - - [29/Jun/1998:22:00:23 +0000] "GET /english/teams/teamphoto154_4.htm HTTP/1.0" 304 0
247059 - - [29/Jun/1998:22:00:23 +0000] "GET /images/mpa_sixt_e.gif HTTP/1.0" 200 929
466281 - - [29/Jun/1998:22:00:23 +0000] "GET /images/hm_btm_arw03.gif HTTP/1.0" 200 428
156686 - - [29/Jun/1998:22:00:23 +0000] "GET /english/images/hm_ligne3_col2.gif HTTP/1.1" 200 1310
1274386 - - [29/Jun/1998:22:00:23 +0000] "GET /images/acc_welcome_e.gif HTTP/1.0" 200 2513
860001 - - [29/Jun/1998:22:00:23 +0000] "GET /french/competition/matchstat8875.htm HTTP/1.0" 200 20162
1127524 - - [29/Jun/1998:22:00:23 +0000] "GET /english/images/team_bu_roster.gif HTTP/1.0" 304 -
366840 - - [29/Jun/1998:22:00:23 +0000] "GET / HTTP/1.0" 200 4930
725290 - - [29/Jun/1998:22:00:23 +0000] "GET /js/factoid.js HTTP/1.0" 200 12184
9517 - - [29/Jun/1998:22:00:23 +0000] "GET /english/images/hm_caption_f98f.gif HTTP/1.0" 200 8736
79932 - - [29/Jun/1998:22:00:23 +0000] "GET /js/factoid.js HTTP/1.0" 200 12184
1541680 - - [29/Jun/1998:22:00:23 +0000] "GET /english/images/news_btn_archive_off.gif HTTP/1.0" 200 1420
2358180 - - [29/Jun/1998:22:00:23 +0000] "GET /images/nav_bg_bottom.jpg HTTP/1.1" 200 8389
2298555 - - [29/Jun/1998:22:00:23 +0000] "GET /images/mpa_main_head_f.gif HTTP/1.1" 200 1773
291502 - - [29/Jun/1998:22:00:23 +0000] "GET /images/hm_btm_arw03.gif HTTP/1.0" 200 428
1541680 - - [29/Jun/1998:22:00:23 +0000] "GET /english/images/news_btn_venue_off.gif HTTP/1.0" 200 1074
2358180 - - [29/Jun/1998:22:00:23 +0000] "GET /english/splash_inet.html HTTP/1.1" 200 45980
1568354 - - [29/Jun/1998:22:00:23 +0000] "GET /english/playing/body.html HTTP/1.1" 200 5234
1127524 - - [29/Jun/1998:22:00:23 +0000] "GET /english/images/team_bu_route2.gif HTTP/1.0" 304 -
291502 - - [29/Jun/1998:22:00:23 +0000] "GET /english/images/hm_btm_luca.gif HTTP/1.0" 200 1308
2122755 - - [29/Jun/1998:22:00:23 +0000] "GET /english/index.html HTTP/1.0" 200 892
37486 - - [29/Jun/1998:22:00:23 +0000] "GET /english/images/nav_team_off.gif HTTP/1.1" 200 776
1560941 - - [29/Jun/1998:22:00:23 +0000] "GET /images/f98playing_fanmail_bn.gif HTTP/1.1" 200 434
16494 - - [29/Jun/1998:22:00:23 +0000] "GET /images/140875s.gif HTTP/1.0" 304 0
2106976 - - [29/Jun/1998:22:00:23 +0000] "GET /images/hm_btm_btm.gif HTTP/1.1" 200 283
109516 - - [29/Jun/1998:22:00:23 +0000] "GET /images/hm_score_up_line02.gif HTTP/1.0" 200 89
109516 - - [29/Jun/1998:22:00:23 +0000] "GET /english/images/hm_top_stories_head.gif HTTP/1.0" 200 1272
928705 - - [29/Jun/1998:22:00:23 +0000] "GET /english/images/nav_logo_sponsors.gif HTTP/1.0" 200 1991
920932 - - [29/Jun/1998:22:00:23 +0000] "GET /images/102338.gif HTTP/1.0" 200 1573
1515296 - - [29/Jun/1998:22:00:23 +0000] "GET /english/images/hm_nav_bar.gif HTTP/1.0" 200 3792
2262355 - - [29/Jun/1998:22:00:23 +0000] "GET /images/hm_score_up_line01.gif HTTP/1.1" 200 106
802 - - [29/Jun/1998:22:00:23 +0000] "GET /images/hm_factoids_02_01.gif HTTP/1.0" 200 1766
12905 - - [29/Jun/1998:22:00:23 +0000] "GET /images/102386.gif HTTP/1.0" 200 1676
1832662 - - [29/Jun/1998:22:00:23 +0000] "GET /english/images/hm_score_today_head.gif HTTP/1.0" 200 1618
928705 - - [29/Jun/1998:22:00:23 +0000] "GET /english/images/store_anim_nav.gif HTTP/1.0" 200 3432
232860 - - [29/Jun/1998:22:00:23 +0000] "GET /images/acc_tools.gif HTTP/1.1" 200 2696
105969 - - [29/Jun/1998:22:00:23 +0000] "GET /images/102330s.gif HTTP/1.0" 200 784
18804 - - [29/Jun/1998:22:00:23 +0000] "GET / HTTP/1.0" 200 4930
46675 - - [29/Jun/1998:22:00:23 +0000] "GET /images/acc_bg.gif HTTP/1.1" 200 10103
1269829 - - [29/Jun/1998:22:00:23 +0000] "GET /english/teams/teambio124.htm HTTP/1.0" 200 14090
1832662 - - [29/Jun/1998:22:00:23 +0000] "GET /images/hm_lbn_tp_rborder.gif HTTP/1.0" 200 872
147858 - - [29/Jun/1998:22:00:23 +0000] "GET /images/hm_hola.gif HTTP/1.0" 200 2240
12905 - - [29/Jun/1998:22:00:23 +0000] "GET /images/mpa3502.jpg HTTP/1.0" 200 4279
1137218 - - [29/Jun/1998:22:00:23 +0000] "GET /english/images/hm_score_today.gif HTTP/1.0" 200 889
13920 - - [29/Jun/1998:22:00:23 +0000] "GET /english/images/hm_gold_goal.gif HTTP/1.0" 200 236
329266 - - [29/Jun/1998:22:00:23 +0000] "GET /images/hm_score_inter01.gif HTTP/1.0" 200 298
15485 - - [29/Jun/1998:22:00:23 +0000] "GET /images/f98f_1506_faces_small.jpg HTTP/1.0" 200 2838
423446 - - [29/Jun/1998:22:00:23 +0000] "GET /images/hm_ligne1_col2.gif HTTP/1.1" 200 201
3436 - - [29/Jun/1998:22:00:23 +0000] "GET /images/ligne.gif HTTP/1.0" 200 169
1137218 - - [29/Jun/1998:22:00:23 +0000] "GET /images/hp.gif HTTP/1.0" 200 71
13920 - - [29/Jun/1998:22:00:23 +0000] "GET /english/Applet1.class HTTP/1.0" 200 4406
2298136 - - [29/Jun/1998:22:00:23 +0000] "GET /english/images/hm_ligne3_col2.gif HTTP/1.0" 200 1310
814036 - - [29/Jun/1998:22:00:23 +0000] "GET /english/competition/maincomp.htm HTTP/1.0" 200 15705
2298136 - - [29/Jun/1998:22:00:23 +0000] "GET /english/images/hm_ligne3_col1.gif HTTP/1.0" 200 2051
2298431 - - [29/Jun/1998:22:00:23 +0000] "GET /images/dot.gif HTTP/1.0" 200 43
2298438 - - [29/Jun/1998:22:00:23 +0000] "GET /images/hm_arw_01.gif HTTP/1.0" 200 464
4926 - - [29/Jun/1998:22:00:23 +0000] "GET /images/hm_score_down_line02.gif HTTP/1.0" 200 82
1431069 - - [29/Jun/1998:22:00:23 +0000] "GET /images/hm_btm_btm.gif HTTP/1.0" 200 283
4926 - - [29/Jun/1998:22:00:23 +0000] "GET /images/hm_hola.gif HTTP/1.0" 200 2240
423446 - - [29/Jun/1998:22:00:23 +0000] "GET /images/hm_ligne1_col3.gif HTTP/1.1" 200 1065
1086059 - - [29/Jun/1998:22:00:23 +0000] "GET /images/hm_btm_arw01.gif HTTP/1.0" 200 428
654617 - - [29/Jun/1998:22:00:23 +0000] "GET /english/images/comp_bu_stage1n.gif HTTP/1.0" 304 0
30321 - - [29/Jun/1998:22:00:23 +0000] "GET /english/images/hm_gold_goal.gif HTTP/1.0" 304 -
30321 - - [29/Jun/1998:22:00:23 +0000] "GET /english/images/hm_nav_bar.gif HTTP/1.0" 200 3792
723625 - - [29/Jun/1998:22:00:23 +0000] "GET /images/hm_btm_arw05.gif HTTP/1.1" 200 360
13920 - - [29/Jun/1998:22:00:23 +0000] "GET /english/images/hm_score_next_head.gif HTTP/1.0" 200 1426
914810 - - [29/Jun/1998:22:00:23 +0000] "GET /images/wth_head_l.gif HTTP/1.0" 200 107
2017409 - - [29/Jun/1998:22:00:23 +0000] "GET /images/clouds.gif HTTP/1.0" 200 175
1339867 - - [29/Jun/1998:22:00:23 +0000] "GET /english/frntpage.htm HTTP/1.1" 200 17849
173708 - - [29/Jun/1998:22:00:23 +0000] "GET /images/hm_score_border_l_on.gif HTTP/1.0" 200 348
1885345 - - [29/Jun/1998:22:00:23 +0000] "GET /english/images/hm_nav_bar.gif HTTP/1.0" 200 3792
1424910 - - [29/Jun/1998:22:00:23 +0000] "GET /english/images/nav_venue_off.gif HTTP/1.0" 200 870
1545370 - - [29/Jun/1998:22:00:24 +0000] "GET /images/nav_bg_bottom.jpg HTTP/1.0" 200 8389
411659 - - [29/Jun/1998:22:00:24 +0000] "GET /english/images/space.gif HTTP/1.0" 304 -
188757 - - [29/Jun/1998:22:00:24 +0000] "GET /images/hm_btm_arw02.gif HTTP/1.0" 200 428
2208535 - - [29/Jun/1998:22:00:24 +0000] "GET /images/hm_lbn_tp_rbtm.gif HTTP/1.0" 200 852
1431069 - - [29/Jun/1998:22:00:24 +0000] "GET /images/dot.gif HTTP/1.0" 200 43
654617 - - [29/Jun/1998:22:00:24 +0000] "GET /english/images/comp_bu_stage2n_on.gif HTTP/1.0" 200 996
605770 - - [29/Jun/1998:22:00:24 +0000] "GET /images/102323s.gif HTTP/1.0" 200 586
1431681 - - [29/Jun/1998:22:00:24 +0000] "GET /english/images/hm_top_stories_head.gif HTTP/1.0" 200 1272
914810 - - [29/Jun/1998:22:00:24 +0000] "GET /images/mpa_head_r.gif HTTP/1.0" 200 277
423446 - - [29/Jun/1998:22:00:24 +0000] "GET /english/images/hm_ligne2_col3.gif HTTP/1.1" 200 1412
2298420 - - [29/Jun/1998:22:00:24 +0000] "GET /images/hpeng_consulter_on.gif HTTP/1.0" 200 1350
2298420 - - [29/Jun/1998:22:00:24 +0000] "GET /images/hpeng_consulter_on.gif HTTP/1.0" 200 1350
30321 - - [29/Jun/1998:22:00:24 +0000] "GET /images/hm_arw_03.gif HTTP/1.0" 304 -
2298438 - - [29/Jun/1998:22:00:24 +0000] "GET /images/hm_lbn_tp_btm.gif HTTP/1.0" 200 949
30321 - - [29/Jun/1998:22:00:24 +0000] "GET /images/hm_score_inter02.gif HTTP/1.0" 200 305
22532 - - [29/Jun/1998:22:00:24 +0000] "GET /images/mpa4901.jpg HTTP/1.0" 200 3634
147858 - - [29/Jun/1998:22:00:24 +0000] "GET /english/images/hm_ligne3_col2.gif HTTP/1.0" 200 1310
2262330 - - [29/Jun/1998:22:00:24 +0000] "GET /images/case5.gif HTTP/1.0" 200 1362
55 - - [29/Jun/1998:22:00:24 +0000] "GET / HTTP/1.0" 200 4930
4119 - - [29/Jun/1998:22:00:24 +0000] "GET /images/102424.gif HTTP/1.0" 200 1706
915289 - - [29/Jun/1998:22:00:24 +0000] "GET /english/images/comp_bu_statistics_on.gif HTTP/1.0" 200 749
992901 - - [29/Jun/1998:22:00:24 +0000] "GET /images/bord_stories.gif HTTP/1.1" 200 520
134369 - - [29/Jun/1998:22:00:24 +0000] "GET /images/bord_g.gif HTTP/1.0" 200 231
843808 - - [29/Jun/1998:22:00:24 +0000] "GET /images/hm_lbn_tp_btm.gif HTTP/1.0" 200 949
147858 - - [29/Jun/1998:22:00:24 +0000] "GET /english/images/hm_caption_f98f.gif HTTP/1.0" 200 8736
915289 - - [29/Jun/1998:22:00:24 +0000] "GET /english/images/comp_stat_hd.gif HTTP/1.0" 200 1473
12905 - - [29/Jun/1998:22:00:24 +0000] "GET /images/mpa3507.jpg HTTP/1.0" 200 13152
22113 - - [29/Jun/1998:22:00:24 +0000] "GET /english/nav_inet.html HTTP/1.0" 200 3038
2262355 - - [29/Jun/1998:22:00:24 +0000] "GET /english/images/hm_score_previous_head.gif HTTP/1.1" 200 1500
22532 - - [29/Jun/1998:22:00:24 +0000] "GET /images/102321.gif HTTP/1.0" 200 1602
22532 - - [29/Jun/1998:22:00:24 +0000] "GET /images/mpa4907.jpg HTTP/1.0" 200 12459
696397 - - [29/Jun/1998:22:00:24 +0000] "GET /images/102374s.gif HTTP/1.1" 200 784
2195 - - [29/Jun/1998:22:00:24 +0000] "GET /english/images/hm_ligne2_col3.gif HTTP/1.0" 200 1412
652398 - - [29/Jun/1998:22:00:24 +0000] "GET /images/nav_bg_bottom.jpg HTTP/1.1" 304 0
12905 - - [29/Jun/1998:22:00:24 +0000] "GET /english/competition/mpa_btm_header_e.gif HTTP/1.0" 200 1608
46675 - - [29/Jun/1998:22:00:24 +0000] "GET /images/acc_anime.gif HTTP/1.1" 200 16456
22532 - - [29/Jun/1998:22:00:24 +0000] "GET /images/mpa4906.jpg HTTP/1.0" 200 4122
1832662 - - [29/Jun/1998:22:00:24 +0000] "GET /images/hm_lbn_tp_rborder.gif HTTP/1.0" 200 872
2262359 - - [29/Jun/1998:22:00:24 +0000] "GET / HTTP/1.0" 200 4930
2262356 - - [29/Jun/1998:22:00:24 +0000] "GET /images/comp_hm_archive.gif HTTP/1.0" 304 0
1066634 - - [29/Jun/1998:22:00:24 +0000] "GET /images/acc_copyright.gif HTTP/1.0" 200 1665
210363 - - [29/Jun/1998:22:00:24 +0000] "GET /english/images/nav_logo_sponsors.gif HTTP/1.0" 304 -
2358196 - - [29/Jun/1998:22:00:24 +0000] "GET /english/images/hm_score_today.gif HTTP/1.0" 304 0
37486 - - [29/Jun/1998:22:00:24 +0000] "GET /english/images/nav_tickets_off.gif HTTP/1.1" 200 937
290881 - - [29/Jun/1998:22:00:24 +0000] "GET /english/images/nav_history_off.gif HTTP/1.0" 200 914
2358038 - - [29/Jun/1998:22:00:24 +0000] "GET /images/11101.gif HTTP/1.1" 200 415
1057810 - - [29/Jun/1998:22:00:24 +0000] "GET /images/acc_tools.gif HTTP/1.0" 200 2696
2116556 - - [29/Jun/1998:22:00:24 +0000] "GET /english/images/comp_bu_refsn.gif HTTP/1.0" 304 0
2357927 - - [29/Jun/1998:22:00:24 +0000] "GET /images/f98dnld_play_down_side.gif HTTP/1.0" 200 3186
1541680 - - [29/Jun/1998:22:00:24 +0000] "GET /images/mprev_link01.gif HTTP/1.0" 200 383
778263 - - [29/Jun/1998:22:00:24 +0000] "GET /english/images/nav_store_off.gif HTTP/1.1" 200 934
2122755 - - [29/Jun/1998:22:00:24 +0000] "GET /english/images/nav_news_off.gif HTTP/1.0" 304 0
247059 - - [29/Jun/1998:22:00:24 +0000] "GET /images/mpa_main_head_e.gif HTTP/1.0" 200 1889
728424 - - [29/Jun/1998:22:00:24 +0000] "GET /images/comp_stage2_brc_botr.gif HTTP/1.0" 200 158
16443 - - [29/Jun/1998:22:00:24 +0000] "GET /english/images/comp_bu_stage2n.gif HTTP/1.0" 200 984
2116556 - - [29/Jun/1998:22:00:24 +0000] "GET /english/images/comp_bu_calendar.gif HTTP/1.0" 304 0
9534 - - [29/Jun/1998:22:00:24 +0000] "GET /english/images/hm_gold_goal.gif HTTP/1.0" 200 236
2358002 - - [29/Jun/1998:22:00:24 +0000] "GET /images/bord_stories01.gif HTTP/1.1" 200 333
654133 - - [29/Jun/1998:22:00:24 +0000] "GET /english/images/hm_caption_f98.gif HTTP/1.0" 200 9188
2358002 - - [29/Jun/1998:22:00:24 +0000] "GET /images/factoid_info.gif HTTP/1.1" 200 1005
990503 - - [29/Jun/1998:22:00:24 +0000] "GET /english/teams/teamphoto160_1.htm HTTP/1.1" 200 5754
2055917 - - [29/Jun/1998:22:00:24 +0000] "GET /french/index.html HTTP/1.0" 304 0
1253399 - - [29/Jun/1998:22:00:24 +0000] "GET /english/images/comp_bu_calendar.gif HTTP/1.0" 304 0
1127524 - - [29/Jun/1998:22:00:24 +0000] "GET /images/news_arrow.gif HTTP/1.0" 304 -
126309 - - [29/Jun/1998:22:00:24 +0000] "GET /english/images/hm_lbn_head.gif HTTP/1.0" 200 1273
126309 - - [29/Jun/1998:22:00:24 +0000] "GET /images/hm_lbn_tp_rborder.gif HTTP/1.0" 200 872
963293 - - [29/Jun/1998:22:00:24 +0000] "GET /images/acc_copyright.gif HTTP/1.0" 200 1665
452764 - - [29/Jun/1998:22:00:24 +0000] "GET /english/images/hm_score_previous.gif HTTP/1.1" 200 1082
936845 - - [29/Jun/1998:22:00:24 +0000] "GET /images/nav_bg_top.gif HTTP/1.0" 304 0
452764 - - [29/Jun/1998:22:00:24 +0000] "GET /english/images/hm_score_previous_head.gif HTTP/1.1" 200 1500
1405086 - - [29/Jun/1998:22:00:24 +0000] "GET /images/hm_ligne1_col2.gif HTTP/1.0" 200 201
2358135 - - [29/Jun/1998:22:00:24 +0000] "GET /images/dot.gif HTTP/1.0" 304 0
25841 - - [29/Jun/1998:22:00:24 +0000] "GET /french/images/nav_comp_off.gif HTTP/1.0" 200 995
466281 - - [29/Jun/1998:22:00:24 +0000] "GET /images/hp.gif HTTP/1.0" 200 71
2358187 - - [29/Jun/1998:22:00:24 +0000] "GET /images/hm_ligne2_col1.gif HTTP/1.0" 200 322
7593 - - [29/Jun/1998:22:00:24 +0000] "GET /english/images/hm_score_previous.gif HTTP/1.0" 200 1082
178284 - - [29/Jun/1998:22:00:24 +0000] "GET /english/images/hm_score_previous.gif HTTP/1.1" 200 1082
156686 - - [29/Jun/1998:22:00:24 +0000] "GET /english/images/hm_ligne4_col4.gif HTTP/1.1" 200 5573
191787 - - [29/Jun/1998:22:00:24 +0000] "GET /english/images/nav_tickets_off.gif HTTP/1.0" 200 937
81102 - - [29/Jun/1998:22:00:24 +0000] "GET /images/quotes_bd.gif HTTP/1.0" 200 168
1966778 - - [29/Jun/1998:22:00:24 +0000] "GET /english/images/comp_bu_stage2n.gif HTTP/1.0" 200 984
2150822 - - [29/Jun/1998:22:00:24 +0000] "GET /images/hm_bg_splash.gif HTTP/1.1" 200 191
216093 - - [29/Jun/1998:22:00:24 +0000] "GET /english/nav_top_inet.html HTTP/1.0" 200 374
319355 - - [29/Jun/1998:22:00:24 +0000] "GET /french/images/teams_bu_group_on.gif HTTP/1.0" 200 838
13162 - - [29/Jun/1998:22:00:24 +0000] "GET /images/comp_bg2_hm.gif HTTP/1.0" 404 337
2264932 - - [29/Jun/1998:22:00:24 +0000] "GET /images/hm_ligne1_col2.gif HTTP/1.1" 200 201
293 - - [29/Jun/1998:22:00:24 +0000] "GET /images/acc_anime.gif HTTP/1.1" 304 -
3516 - - [29/Jun/1998:22:00:24 +0000] "GET /english/history/history_of/images/football/2000txt.gif HTTP/1.0" 304 -
2358172 - - [29/Jun/1998:22:00:24 +0000] "GET /images/f98radio_table_01_04.gif HTTP/1.1" 200 59
955562 - - [29/Jun/1998:22:00:24 +0000] "GET /images/s102384.gif HTTP/1.0" 200 148
243 - - [29/Jun/1998:22:00:24 +0000] "GET /images/comp_bg2_hm.gif HTTP/1.0" 404 335
28131 - - [29/Jun/1998:22:00:24 +0000] "GET /english/images/today_new.gif HTTP/1.0" 200 915
938361 - - [29/Jun/1998:22:00:24 +0000] "GET /french/images/fpnewstop.gif HTTP/1.0" 200 1317
866204 - - [29/Jun/1998:22:00:24 +0000] "GET /english/images/comp_bu_calendar_on.gif HTTP/1.0" 304 0
938361 - - [29/Jun/1998:22:00:24 +0000] "GET /french/images/news_btn_org_off.gif HTTP/1.0" 200 811
687433 - - [29/Jun/1998:22:00:24 +0000] "GET /english/images/hm_gold_goal.gif HTTP/1.0" 200 236
2358191 - - [29/Jun/1998:22:00:24 +0000] "GET /images/hm_btm_arw05.gif HTTP/1.0" 200 360
390408 - - [29/Jun/1998:22:00:24 +0000] "GET /images/f98f_shar_pic_mailing.gif HTTP/1.0" 200 197
1453781 - - [29/Jun/1998:22:00:24 +0000] "GET /images/team_mex.jpg HTTP/1.0" 200 10769
2393176 - - [29/Jun/1998:22:00:24 +0000] "GET /images/hm_ligne1_col3.gif HTTP/1.0" 200 1065
358415 - - [29/Jun/1998:22:00:24 +0000] "GET /french/images/hm_ligne3_col2.gif HTTP/1.0" 304 0
1870414 - - [29/Jun/1998:22:00:24 +0000] "GET /english/images/nav_tickets_off.gif HTTP/1.1" 200 937
726008 - - [29/Jun/1998:22:00:24 +0000] "GET /english/history/past_cups/images/past_bu_90_off.gif HTTP/1.1" 200 429
446801 - - [29/Jun/1998:22:00:24 +0000] "GET /english/images/hm_score_today_head.gif HTTP/1.0" 200 1618
696295 - - [29/Jun/1998:22:00:24 +0000] "GET /images/hm_ligne1_col3.gif HTTP/1.0" 200 1065
7593 - - [29/Jun/1998:22:00:24 +0000] "GET /english/images/hm_lbn_head.gif HTTP/1.0" 200 1273
1039083 - - [29/Jun/1998:22:00:24 +0000] "GET /english/images/news_btn_part_off.gif HTTP/1.0" 200 1295
1448067 - - [29/Jun/1998:22:00:24 +0000] "GET /english/images/nav_tickets_off.gif HTTP/1.0" 200 937
22311 - - [29/Jun/1998:22:00:24 +0000] "GET /images/hm_btm_arw02.gif HTTP/1.0" 200 428
126229 - - [29/Jun/1998:22:00:24 +0000] "GET /english/images/hm_score_next.gif HTTP/1.0" 304 -
2404308 - - [29/Jun/1998:22:00:24 +0000] "GET /english/images/nav_logo_sponsors.gif HTTP/1.0" 200 1991
1715052 - - [29/Jun/1998:22:00:24 +0000] "GET /images/hm_bg_splash.gif HTTP/1.0" 200 191
10552 - - [29/Jun/1998:22:00:24 +0000] "GET /images/hm_ligne1_col2.gif HTTP/1.0" 200 201
350839 - - [29/Jun/1998:22:00:24 +0000] "GET /images/mprev_link02b.gif HTTP/1.1" 200 187
1267170 - - [29/Jun/1998:22:00:24 +0000] "GET /french/nav_inet.html HTTP/1.1" 200 2977
989081 - - [29/Jun/1998:22:00:24 +0000] "GET /images/mpa2306.jpg HTTP/1.0" 200 4456
2358038 - - [29/Jun/1998:22:00:24 +0000] "GET /images/news_arrow.gif HTTP/1.1" 200 141
2123840 - - [29/Jun/1998:22:00:24 +0000] "GET /english/individuals/player170599.htm HTTP/1.0" 200 7263
1094912 - - [29/Jun/1998:22:00:24 +0000] "GET /images/clouds.gif HTTP/1.0" 200 175
1298715 - - [29/Jun/1998:22:00:24 +0000] "GET /images/comp_hm_archive.gif HTTP/1.1" 200 1644
2393176 - - [29/Jun/1998:22:00:24 +0000] "GET /english/nav_top_inet.html HTTP/1.0" 200 374
2393176 - - [29/Jun/1998:22:00:24 +0000] "GET /images/nav_bg_bottom.jpg HTTP/1.0" 200 8389
1267170 - - [29/Jun/1998:22:00:24 +0000] "GET /images/logo_cfo.gif HTTP/1.1" 304 0
938361 - - [29/Jun/1998:22:00:24 +0000] "GET /french/images/news_btn_archive_off.gif HTTP/1.0" 200 1396
45078 - - [29/Jun/1998:22:00:24 +0000] "GET /images/hp_fond_home.gif HTTP/1.0" 200 12138
55498 - - [29/Jun/1998:22:00:24 +0000] "GET /images/acc_sponsors.gif HTTP/1.0" 200 2740
350839 - - [29/Jun/1998:22:00:24 +0000] "GET /images/mprev_link01b.gif HTTP/1.1" 200 184
2358184 - - [29/Jun/1998:22:00:24 +0000] "GET /english/images/nav_comp_off.gif HTTP/1.0" 200 994
16472 - - [29/Jun/1998:22:00:24 +0000] "GET /english/images/comp_bu_statistics.gif HTTP/1.0" 200 1541
665897 - - [29/Jun/1998:22:00:24 +0000] "GET /english/images/nav_fetes_off.gif HTTP/1.1" 200 694
1744441 - - [29/Jun/1998:22:00:24 +0000] "GET /english/images/hm_top_stories_head.gif HTTP/1.0" 200 1272
10954 - - [29/Jun/1998:22:00:24 +0000] "GET /english/images/news_btn_archive_off.gif HTTP/1.0" 200 1420
1269097 - - [29/Jun/1998:22:00:24 +0000] "GET /images/ligne1_case5.gif HTTP/1.0" 200 1018
147547 - - [29/Jun/1998:22:00:24 +0000] "GET /images/bord_stories01.gif HTTP/1.0" 200 333
2357515 - - [29/Jun/1998:22:00:24 +0000] "GET /english/images/team_group_header_d.gif HTTP/1.0" 200 646
249240 - - [29/Jun/1998:22:00:24 +0000] "GET /images/hm_lbn_tp_rbtm.gif HTTP/1.0" 200 852
2200412 - - [29/Jun/1998:22:00:24 +0000] "GET /images/hm_arw_02.gif HTTP/1.0" 200 482
13363 - - [29/Jun/1998:22:00:24 +0000] "GET /english/images/nav_sitemap_off.gif HTTP/1.0" 200 416
1873916 - - [29/Jun/1998:22:00:24 +0000] "GET /images/comp_stage2_brc.gif HTTP/1.0" 304 0
14961 - - [29/Jun/1998:22:00:24 +0000] "GET /images/hm_score_down_line01.gif HTTP/1.1" 200 90
2213 - - [29/Jun/1998:22:00:24 +0000] "GET /images/hm_score_border_r01.gif HTTP/1.0" 200 929
2213 - - [29/Jun/1998:22:00:24 +0000] "GET /english/images/hm_top_stories_head.gif HTTP/1.0" 200 1272
56947 - - [29/Jun/1998:22:00:24 +0000] "GET /english/images/today_new.gif HTTP/1.0" 200 915
5935 - - [29/Jun/1998:22:00:24 +0000] "GET /english/images/nav_comp_off.gif HTTP/1.0" 200 994
1165908 - - [29/Jun/1998:22:00:24 +0000] "GET /english/nav_top_inet.html HTTP/1.1" 200 374
44864 - - [29/Jun/1998:22:00:24 +0000] "GET /english/images/nav_sitemap_off.gif HTTP/1.0" 200 416
1448106 - - [29/Jun/1998:22:00:24 +0000] "GET /english/news/prev55.htm HTTP/1.1" 200 11300
2200640 - - [29/Jun/1998:22:00:24 +0000] "GET /english/images/nav_comp_off.gif HTTP/1.0" 200 994
877855 - - [29/Jun/1998:22:00:24 +0000] "GET /english/images/nav_comp_off.gif HTTP/1.0" 200 994
2200640 - - [29/Jun/1998:22:00:24 +0000] "GET /images/nav_bg_top.gif HTTP/1.0" 200 929
2200648 - - [29/Jun/1998:22:00:24 +0000] "GET /images/hm_hola.gif HTTP/1.1" 200 2240
1885115 - - [29/Jun/1998:22:00:24 +0000] "GET /images/mpa_head_l.gif HTTP/1.0" 200 276
1429672 - - [29/Jun/1998:22:00:24 +0000] "GET /english/splash_inet.html HTTP/1.0" 200 45980
2213 - - [29/Jun/1998:22:00:24 +0000] "GET /english/images/hm_score_today.gif HTTP/1.0" 200 889
837218 - - [29/Jun/1998:22:00:24 +0000] "GET / HTTP/1.0" 200 4930
2200637 - - [29/Jun/1998:22:00:24 +0000] "GET /images/hm_score_border_l_on.gif HTTP/1.1" 200 348
2213 - - [29/Jun/1998:22:00:24 +0000] "GET /images/hm_lbn_tp_rborder.gif HTTP/1.0" 200 872
1448106 - - [29/Jun/1998:22:00:24 +0000] "GET /english/competition/playermatch8875_175.htm HTTP/1.1" 200 45151
2200412 - - [29/Jun/1998:22:00:24 +0000] "GET /images/hm_btm_arw02.gif HTTP/1.0" 200 428
5935 - - [29/Jun/1998:22:00:24 +0000] "GET /images/nav_bg_top.gif HTTP/1.0" 304 0
1516857 - - [29/Jun/1998:22:00:24 +0000] "GET /images/acc_browsers.gif HTTP/1.0" 200 1682
2213 - - [29/Jun/1998:22:00:24 +0000] "GET /images/hm_lbn_tp_rbtm.gif HTTP/1.0" 200 852
2200630 - - [29/Jun/1998:22:00:24 +0000] "GET /images/hm_score_down_line02.gif HTTP/1.0" 200 82
2200412 - - [29/Jun/1998:22:00:24 +0000] "GET /english/images/hm_score_previous.gif HTTP/1.0" 200 1082
2200630 - - [29/Jun/1998:22:00:24 +0000] "GET /images/hm_lbn_tp_btm.gif HTTP/1.0" 200 949
2200412 - - [29/Jun/1998:22:00:24 +0000] "GET /english/images/hm_lbn_head.gif HTTP/1.0" 200 1273
22454 - - [29/Jun/1998:22:00:24 +0000] "GET /images/jersey_ksa_e.gif HTTP/1.0" 200 5897
1892805 - - [29/Jun/1998:22:00:24 +0000] "GET /english/images/hm_score_next_head.gif HTTP/1.0" 200 1426
848464 - - [29/Jun/1998:22:00:24 +0000] "GET /images/base.gif HTTP/1.0" 304 -
47639 - - [29/Jun/1998:22:00:24 +0000] "GET /english/images/hm_score_next_head.gif HTTP/1.1" 200 1426
152904 - - [29/Jun/1998:22:00:24 +0000] "GET /english/images/hm_ligne3_col2.gif HTTP/1.1" 200 1310
1661054 - - [29/Jun/1998:22:00:24 +0000] "GET /images/14756.jpg HTTP/1.0" 200 4235
528791 - - [29/Jun/1998:22:00:24 +0000] "GET /images/comp_stage2_brc_bot.gif HTTP/1.0" 304 0
1137218 - - [29/Jun/1998:22:00:24 +0000] "GET /images/hm_lbn_tp_rbtm.gif HTTP/1.0" 200 852
9054 - - [29/Jun/1998:22:00:24 +0000] "GET /images/comp_bg2_hm.gif HTTP/1.0" 404 365
1951746 - - [29/Jun/1998:22:00:24 +0000] "GET /images/hm_factoids_02_01.gif HTTP/1.0" 200 1766
1951746 - - [29/Jun/1998:22:00:24 +0000] "GET /images/hm_factoids_01_03.gif HTTP/1.0" 200 224
605770 - - [29/Jun/1998:22:00:24 +0000] "GET /images/102338s.gif HTTP/1.0" 200 780
779180 - - [29/Jun/1998:22:00:24 +0000] "GET /english/images/nav_tickets_off.gif HTTP/1.1" 200 937
49059 - - [29/Jun/1998:22:00:24 +0000] "GET /english/images/nws_comp.gif HTTP/1.0" 200 1818
49059 - - [29/Jun/1998:22:00:24 +0000] "GET /images/nws_comp_bdr_l.gif HTTP/1.0" 200 248
1431069 - - [29/Jun/1998:22:00:24 +0000] "GET /images/dot.gif HTTP/1.0" 200 43
460446 - - [29/Jun/1998:22:00:24 +0000] "GET /english/news/na062504.htm HTTP/1.0" 200 5037
2298431 - - [29/Jun/1998:22:00:24 +0000] "GET /images/hm_bg_splash.gif HTTP/1.0" 200 191
500735 - - [29/Jun/1998:22:00:24 +0000] "GET /images/hm_score_down_line01.gif HTTP/1.0" 200 90
2298408 - - [29/Jun/1998:22:00:24 +0000] "GET /images/mprev_link02.gif HTTP/1.1" 200 388
500735 - - [29/Jun/1998:22:00:24 +0000] "GET /images/hm_score_up_line02.gif HTTP/1.0" 200 89
2006310 - - [29/Jun/1998:22:00:24 +0000] "GET /english/images/hm_nav_bar.gif HTTP/1.1" 200 3792
470593 - - [29/Jun/1998:22:00:24 +0000] "GET /english/images/nav_team_off.gif HTTP/1.0" 200 776
104581 - - [29/Jun/1998:22:00:24 +0000] "GET /images/acc_browsers.gif HTTP/1.0" 200 1682
2262350 - - [29/Jun/1998:22:00:24 +0000] "GET /images/hm_arw_03.gif HTTP/1.0" 200 472
23014 - - [29/Jun/1998:22:00:24 +0000] "GET /images/hm_score_border_r01.gif HTTP/1.0" 200 929
9308 - - [29/Jun/1998:22:00:24 +0000] "GET /images/10859.jpg HTTP/1.0" 304 -
329266 - - [29/Jun/1998:22:00:24 +0000] "GET /images/hm_score_border_l_on.gif HTTP/1.0" 200 348
460446 - - [29/Jun/1998:22:00:24 +0000] "GET /images/s102377.gif HTTP/1.0" 200 173
104581 - - [29/Jun/1998:22:00:24 +0000] "GET /images/acc_copyright.gif HTTP/1.0" 200 1665
470593 - - [29/Jun/1998:22:00:24 +0000] "GET /english/images/nav_tickets_off.gif HTTP/1.0" 200 937
1431069 - - [29/Jun/1998:22:00:24 +0000] "GET /images/hm_score_up_line03.gif HTTP/1.0" 200 90
1137218 - - [29/Jun/1998:22:00:24 +0000] "GET /english/Applet1.class HTTP/1.0" 200 4406
124679 - - [29/Jun/1998:22:00:24 +0000] "GET /images/hm_arw_01.gif HTTP/1.0" 200 464
1400084 - - [29/Jun/1998:22:00:24 +0000] "GET /english/history/images/france98b.GIF HTTP/1.0" 200 915
2262336 - - [29/Jun/1998:22:00:24 +0000] "GET /english/images/comp_bu_stage2n_on.gif HTTP/1.1" 200 996
69205 - - [29/Jun/1998:22:00:24 +0000] "GET /images/102336.gif HTTP/1.1" 200 1617
1188976 - - [29/Jun/1998:22:00:24 +0000] "GET /images/290602.jpg HTTP/1.0" 200 6297
516744 - - [29/Jun/1998:22:00:24 +0000] "GET /english/images/nav_comp_off.gif HTTP/1.1" 200 994
134369 - - [29/Jun/1998:22:00:24 +0000] "GET /images/mpa_head_r.gif HTTP/1.0" 200 277
112826 - - [29/Jun/1998:22:00:24 +0000] "GET /images/bestof_26.jpg HTTP/1.0" 200 3216
147858 - - [29/Jun/1998:22:00:24 +0000] "GET /english/images/hm_nav_bar.gif HTTP/1.0" 200 3792
1831453 - - [29/Jun/1998:22:00:24 +0000] "GET /english/images/hm_ligne3_col2.gif HTTP/1.0" 200 1310
134369 - - [29/Jun/1998:22:00:24 +0000] "GET /images/mprev_link02.gif HTTP/1.0" 200 388
46675 - - [29/Jun/1998:22:00:24 +0000] "GET /images/acc_welcome_e.gif HTTP/1.1" 200 2513
2262336 - - [29/Jun/1998:22:00:24 +0000] "GET /english/images/comp_bu_statistics.gif HTTP/1.1" 200 1541
1594918 - - [29/Jun/1998:22:00:24 +0000] "GET /french/images/hm_ligne3_col2.gif HTTP/1.0" 200 1232
1098297 - - [29/Jun/1998:22:00:24 +0000] "GET /english/images/nav_comp_off.gif HTTP/1.0" 200 994
1968767 - - [29/Jun/1998:22:00:24 +0000] "GET /english/images/hm_score_next.gif HTTP/1.1" 200 938
2358194 - - [29/Jun/1998:22:00:24 +0000] "GET /images/hm_bg_splash.gif HTTP/1.0" 200 191
2358184 - - [29/Jun/1998:22:00:24 +0000] "GET /images/102336s.gif HTTP/1.0" 200 789
1098297 - - [29/Jun/1998:22:00:24 +0000] "GET /english/images/store_anim_nav.gif HTTP/1.0" 200 3432
6145 - - [29/Jun/1998:22:00:24 +0000] "GET /images/hm_ligne1_col2.gif HTTP/1.0" 200 201
2100412 - - [29/Jun/1998:22:00:24 +0000] "GET /images/hm_score_up_line03.gif HTTP/1.0" 200 90
129540 - - [29/Jun/1998:22:00:24 +0000] "GET /english/splash_inet.html HTTP/1.0" 200 45980
235701 - - [29/Jun/1998:22:00:24 +0000] "GET /images/hm_score_up_line02.gif HTTP/1.0" 200 89
1009442 - - [29/Jun/1998:22:00:24 +0000] "GET /english/images/nav_home_off.gif HTTP/1.0" 304 0
126229 - - [29/Jun/1998:22:00:24 +0000] "GET /images/acc_copyright.gif HTTP/1.0" 200 1665
1009442 - - [29/Jun/1998:22:00:24 +0000] "GET /images/hm_ligne2_col1.gif HTTP/1.0" 200 322
2358179 - - [29/Jun/1998:22:00:24 +0000] "GET /english/images/nav_sitemap_off.gif HTTP/1.0" 200 416
973845 - - [29/Jun/1998:22:00:24 +0000] "GET /english/images/nav_fetes_off.gif HTTP/1.0" 200 694
2122755 - - [29/Jun/1998:22:00:24 +0000] "GET /images/hm_arw_02.gif HTTP/1.0" 200 482
516945 - - [29/Jun/1998:22:00:24 +0000] "GET /english/images/hm_score_today.gif HTTP/1.1" 200 889
291105 - - [29/Jun/1998:22:00:24 +0000] "GET /english/images/top_scorers_on.gif HTTP/1.0" 200 756
2122755 - - [29/Jun/1998:22:00:24 +0000] "GET /images/hm_lbn_tp_btm.gif HTTP/1.0" 200 949
2358161 - - [29/Jun/1998:22:00:24 +0000] "GET /images/mpa_head_r.gif HTTP/1.0" 200 277
936845 - - [29/Jun/1998:22:00:24 +0000] "GET /images/hm_bg_splash.gif HTTP/1.0" 200 191
2122755 - - [29/Jun/1998:22:00:24 +0000] "GET /images/hm_btm_arw02.gif HTTP/1.0" 200 428
1680759 - - [29/Jun/1998:22:00:24 +0000] "GET /english/splash_inet.html HTTP/1.0" 200 45980
2358200 - - [29/Jun/1998:22:00:24 +0000] "GET /english/images/nav_tickets_off.gif HTTP/1.1" 200 937
2122755 - - [29/Jun/1998:22:00:24 +0000] "GET /english/images/hm_score_today_head.gif HTTP/1.0" 200 1618
291105 - - [29/Jun/1998:22:00:24 +0000] "GET /english/images/misc_teams_off.gif HTTP/1.0" 200 561
126229 - - [29/Jun/1998:22:00:24 +0000] "GET /images/acc_sponsors.gif HTTP/1.0" 200 2740
2199015 - - [29/Jun/1998:22:00:24 +0000] "GET /images/acc_tools.gif HTTP/1.0" 200 2696
1281704 - - [29/Jun/1998:22:00:24 +0000] "GET /images/102376.gif HTTP/1.0" 304 0
1531 - - [29/Jun/1998:22:00:24 +0000] "GET /english/images/comp_bu_groupsn.gif HTTP/1.0" 304 -
1882 - - [29/Jun/1998:22:00:24 +0000] "GET /images/comp_bg2_hm.gif HTTP/1.0" 404 337
1405086 - - [29/Jun/1998:22:00:24 +0000] "GET /english/images/hm_score_today.gif HTTP/1.0" 200 889
55 - - [29/Jun/1998:22:00:24 +0000] "GET / HTTP/1.0" 200 4930
715113 - - [29/Jun/1998:22:00:24 +0000] "GET /images/hm_btm_btm.gif HTTP/1.1" 200 283
28616 - - [29/Jun/1998:22:00:24 +0000] "GET /english/playing/images/mascot.gif HTTP/1.0" 200 1737
2200638 - - [29/Jun/1998:22:00:24 +0000] "GET /english/splash_inet.html HTTP/1.0" 200 45980
143320 - - [29/Jun/1998:22:00:24 +0000] "GET /images/102320s.gif HTTP/1.1" 304 -
984555 - - [29/Jun/1998:22:00:24 +0000] "GET /english/images/nav_home_off.gif HTTP/1.1" 200 828
17954 - - [29/Jun/1998:22:00:24 +0000] "GET /english/images/teams_bu_group_on.gif HTTP/1.0" 200 668
715113 - - [29/Jun/1998:22:00:24 +0000] "GET /images/hm_btm_arw03.gif HTTP/1.1" 200 428
469922 - - [29/Jun/1998:22:00:24 +0000] "GET /english/images/hm_score_today.gif HTTP/1.0" 200 889
2200633 - - [29/Jun/1998:22:00:24 +0000] "GET /english/images/comp_bu_groupsn.gif HTTP/1.0" 200 993
2200638 - - [29/Jun/1998:22:00:24 +0000] "GET /images/nav_bg_top.gif HTTP/1.0" 200 929
715113 - - [29/Jun/1998:22:00:24 +0000] "GET /images/hm_factoids_01_01.gif HTTP/1.1" 200 417
173708 - - [29/Jun/1998:22:00:24 +0000] "GET /images/acc_anime.gif HTTP/1.0" 200 16456
2201900 - - [29/Jun/1998:22:00:24 +0000] "GET /images/backnews.gif HTTP/1.1" 200 3964
47639 - - [29/Jun/1998:22:00:24 +0000] "GET /images/hm_btm_arw03.gif HTTP/1.1" 200 428
2200628 - - [29/Jun/1998:22:00:24 +0000] "GET /images/hm_btm_arw02.gif HTTP/1.0" 200 428
233511 - - [29/Jun/1998:22:00:24 +0000] "GET /french/images/hm_caption_f98.gif HTTP/1.0" 200 9319
2201900 - - [29/Jun/1998:22:00:24 +0000] "GET /english/images/news_btn_part_off.gif HTTP/1.1" 200 1295
233511 - - [29/Jun/1998:22:00:24 +0000] "GET /french/images/hm_ligne3_col1.gif HTTP/1.0" 200 1976
1892805 - - [29/Jun/1998:22:00:24 +0000] "GET /english/images/hm_factoids_01_02.gif HTTP/1.0" 200 901
526581 - - [29/Jun/1998:22:00:24 +0000] "GET /english/news/recap_main.htm HTTP/1.1" 200 16145
256 - - [29/Jun/1998:22:00:24 +0000] "GET /images/acc_anime.gif HTTP/1.0" 200 16456
2451258 - - [29/Jun/1998:22:00:24 +0000] "GET /english/images/nav_venue_off.gif HTTP/1.1" 200 870
3562 - - [29/Jun/1998:22:00:24 +0000] "GET /french/competition/matchstat8875.htm HTTP/1.0" 200 19203
6015 - - [29/Jun/1998:22:00:24 +0000] "GET /french/competition/matchstat8875.htm HTTP/1.0" 200 19203
1234375 - - [29/Jun/1998:22:00:24 +0000] "GET /images/nav_bg_bottom.jpg HTTP/1.1" 304 0
2284 - - [29/Jun/1998:22:00:24 +0000] "GET /images/hm_lbn_tp_rbtm.gif HTTP/1.0" 200 852
55 - - [29/Jun/1998:22:00:24 +0000] "GET /french/index.html HTTP/1.0" 200 954
2155064 - - [29/Jun/1998:22:00:24 +0000] "GET /french/images/nav_field_off.gif HTTP/1.0" 200 982
1234375 - - [29/Jun/1998:22:00:24 +0000] "GET /english/images/nav_news_off.gif HTTP/1.1" 304 0
849733 - - [29/Jun/1998:22:00:24 +0000] "GET /english/competition/matchstat8875.htm HTTP/1.0" 304 -
2260285 - - [29/Jun/1998:22:00:24 +0000] "GET /images/space.gif HTTP/1.1" 304 0
380774 - - [29/Jun/1998:22:00:24 +0000] "GET /images/hm_ligne1_col2.gif HTTP/1.0" 200 201
2265656 - - [29/Jun/1998:22:00:24 +0000] "GET /english/images/comp_bu_refsn.gif HTTP/1.0" 304 0
1234375 - - [29/Jun/1998:22:00:24 +0000] "GET /english/images/nav_comp_off.gif HTTP/1.1" 304 0
1962679 - - [29/Jun/1998:22:00:24 +0000] "GET /images/space.gif HTTP/1.0" 304 0
9268 - - [29/Jun/1998:22:00:24 +0000] "GET /images/102424.gif HTTP/1.0" 200 1706
1234375 - - [29/Jun/1998:22:00:24 +0000] "GET /english/images/nav_team_off.gif HTTP/1.1" 304 0
1796980 - - [29/Jun/1998:22:00:24 +0000] "GET /french/images/hm_score_today_head.gif HTTP/1.0" 200 746
1796980 - - [29/Jun/1998:22:00:24 +0000] "GET /images/hm_score_down_line02.gif HTTP/1.0" 200 82
849733 - - [29/Jun/1998:22:00:24 +0000] "GET /english/images/comp_hm_header.gif HTTP/1.0" 200 1189
234162 - - [29/Jun/1998:22:00:24 +0000] "GET /english/nav_inet.html HTTP/1.0" 200 3038
2432600 - - [29/Jun/1998:22:00:24 +0000] "GET /images/hm_btm_arw02.gif HTTP/1.0" 304 0
1346274 - - [29/Jun/1998:22:00:24 +0000] "GET /english/images/hm_lbn_head.gif HTTP/1.0" 200 1273
904600 - - [29/Jun/1998:22:00:24 +0000] "GET /english/images/hm_ligne2_col3.gif HTTP/1.0" 200 1412
956156 - - [29/Jun/1998:22:00:24 +0000] "GET /images/hm_lbn_tp_rbtm.gif HTTP/1.0" 200 852
1117277 - - [29/Jun/1998:22:00:24 +0000] "GET /french/nav_inet.html HTTP/1.0" 200 2977
1967567 - - [29/Jun/1998:22:00:24 +0000] "GET /images/hm_score_up_line03.gif HTTP/1.0" 200 90
956156 - - [29/Jun/1998:22:00:24 +0000] "GET /images/hm_score_down_line02.gif HTTP/1.0" 200 82
143320 - - [29/Jun/1998:22:00:24 +0000] "GET /english/images/comp_hm_header.gif HTTP/1.1" 200 1189
17954 - - [29/Jun/1998:22:00:24 +0000] "GET /english/nav_inet.html HTTP/1.0" 200 3038
2213 - - [29/Jun/1998:22:00:24 +0000] "GET /images/hm_score_down_line01.gif HTTP/1.0" 200 90
5935 - - [29/Jun/1998:22:00:24 +0000] "GET /english/nav_inet.html HTTP/1.0" 200 3038
417304 - - [29/Jun/1998:22:00:24 +0000] "GET /images/dot.gif HTTP/1.0" 304 -
2213 - - [29/Jun/1998:22:00:24 +0000] "GET /english/images/hm_ligne3_col2.gif HTTP/1.0" 200 1310
1794164 - - [29/Jun/1998:22:00:24 +0000] "GET /images/nav_bg_top.gif HTTP/1.1" 304 0
1794164 - - [29/Jun/1998:22:00:24 +0000] "GET /images/logo_cfo.gif HTTP/1.1" 304 0
1794164 - - [29/Jun/1998:22:00:24 +0000] "GET /images/nav_bg_bottom.jpg HTTP/1.1" 304 0
540052 - - [29/Jun/1998:22:00:24 +0000] "GET /english/playing/images/play_hm_links.gif HTTP/1.1" 200 1043
2262355 - - [29/Jun/1998:22:00:24 +0000] "GET /images/hm_score_border_r01.gif HTTP/1.1" 200 929
915289 - - [29/Jun/1998:22:00:24 +0000] "GET /english/images/comp_bu_stage2n.gif HTTP/1.0" 200 984
159701 - - [29/Jun/1998:22:00:24 +0000] "GET /images/acc_bg.gif HTTP/1.0" 200 10103
1400084 - - [29/Jun/1998:22:00:24 +0000] "GET /english/history/images/thecup.GIF HTTP/1.0" 200 1293
2262355 - - [29/Jun/1998:22:00:24 +0000] "GET /english/images/hm_score_next.gif HTTP/1.1" 200 938
147858 - - [29/Jun/1998:22:00:24 +0000] "GET /english/images/hm_caption_f98.gif HTTP/1.0" 200 9188
12905 - - [29/Jun/1998:22:00:24 +0000] "GET /images/mpa3501.jpg HTTP/1.0" 200 4750
1515296 - - [29/Jun/1998:22:00:24 +0000] "GET /english/images/nav_logo_sponsors.gif HTTP/1.0" 200 1991
2262355 - - [29/Jun/1998:22:00:24 +0000] "GET /english/images/hm_gold_goal.gif HTTP/1.1" 200 236
22113 - - [29/Jun/1998:22:00:24 +0000] "GET /english/splash_inet.html HTTP/1.0" 200 45980
1828772 - - [29/Jun/1998:22:00:24 +0000] "GET / HTTP/1.0" 200 4930
30423 - - [29/Jun/1998:22:00:24 +0000] "GET /images/space.gif HTTP/1.0" 200 43
1188976 - - [29/Jun/1998:22:00:24 +0000] "GET /images/case5.gif HTTP/1.0" 200 1362
2262355 - - [29/Jun/1998:22:00:24 +0000] "GET /english/images/hm_score_previous.gif HTTP/1.1" 200 1082
652398 - - [29/Jun/1998:22:00:24 +0000] "GET /english/images/nav_news_off.gif HTTP/1.1" 200 853
22532 - - [29/Jun/1998:22:00:24 +0000] "GET /images/mpa4902.jpg HTTP/1.0" 200 3589
914810 - - [29/Jun/1998:22:00:24 +0000] "GET /images/wth_head_r.gif HTTP/1.0" 200 104
638547 - - [29/Jun/1998:22:00:24 +0000] "GET /english/images/nav_fetes_off.gif HTTP/1.0" 200 694
914810 - - [29/Jun/1998:22:00:24 +0000] "GET /images/102336.gif HTTP/1.0" 200 1617
1333340 - - [29/Jun/1998:22:00:24 +0000] "GET /images/hm_btm_btm.gif HTTP/1.0" 200 283
2298428 - - [29/Jun/1998:22:00:24 +0000] "GET /images/hm_lbn_tp_btm.gif HTTP/1.0" 200 949
13920 - - [29/Jun/1998:22:00:24 +0000] "GET /images/hm_lbn_tp_rbtm.gif HTTP/1.0" 200 852
638547 - - [29/Jun/1998:22:00:24 +0000] "GET /english/images/nav_team_off.gif HTTP/1.0" 200 776
914810 - - [29/Jun/1998:22:00:24 +0000] "GET /images/102329.gif HTTP/1.0" 200 1592
638547 - - [29/Jun/1998:22:00:24 +0000] "GET /images/dot.gif HTTP/1.0" 304 0
1137218 - - [29/Jun/1998:22:00:24 +0000] "GET /images/hm_btm_arw02.gif HTTP/1.0" 200 428
45745 - - [29/Jun/1998:22:00:24 +0000] "GET /images/backg4.gif HTTP/1.1" 200 1216
638547 - - [29/Jun/1998:22:00:24 +0000] "GET /english/images/nav_field_off.gif HTTP/1.0" 304 0
1137218 - - [29/Jun/1998:22:00:24 +0000] "GET /english/images/hm_score_previous_head.gif HTTP/1.0" 200 1500
147917 - - [29/Jun/1998:22:00:24 +0000] "GET /english/competition/matchstat8899.htm HTTP/1.0" 200 20288
914810 - - [29/Jun/1998:22:00:24 +0000] "GET /images/102386.gif HTTP/1.0" 200 1676
914810 - - [29/Jun/1998:22:00:24 +0000] "GET /images/102383.gif HTTP/1.0" 200 1204
1387 - - [29/Jun/1998:22:00:24 +0000] "GET /english/images/nav_sitemap_off.gif HTTP/1.0" 200 416
22113 - - [29/Jun/1998:22:00:24 +0000] "GET /english/nav_top_inet.html HTTP/1.0" 304 -
2262336 - - [29/Jun/1998:22:00:24 +0000] "GET /images/france98b.gif HTTP/1.1" 200 2122
147858 - - [29/Jun/1998:22:00:24 +0000] "GET /images/dot.gif HTTP/1.0" 200 43
12905 - - [29/Jun/1998:22:00:24 +0000] "GET /images/mpa_top_header_e.gif HTTP/1.0" 200 1035
149203 - - [29/Jun/1998:22:00:24 +0000] "GET /english/competition/stage2.htm HTTP/1.1" 200 16161
134369 - - [29/Jun/1998:22:00:24 +0000] "GET /images/mpa_head_l.gif HTTP/1.0" 200 276
2262348 - - [29/Jun/1998:22:00:24 +0000] "GET /images/hm_lbn_tp_btm.gif HTTP/1.0" 304 0
159701 - - [29/Jun/1998:22:00:24 +0000] "GET /images/acc_anime.gif HTTP/1.0" 200 16456
46675 - - [29/Jun/1998:22:00:24 +0000] "GET /images/acc_welcome_f.gif HTTP/1.1" 200 2572
10701 - - [29/Jun/1998:22:00:24 +0000] "GET /images/ligneb01.gif HTTP/1.1" 200 169
2262336 - - [29/Jun/1998:22:00:24 +0000] "GET /images/comp_stage2_brc_topr.gif HTTP/1.1" 200 163
2200117 - - [29/Jun/1998:22:00:24 +0000] "GET /images/290602.jpg HTTP/1.0" 200 6297
1832662 - - [29/Jun/1998:22:00:24 +0000] "GET /english/images/hm_ligne3_col1.gif HTTP/1.0" 200 2051
1885345 - - [29/Jun/1998:22:00:24 +0000] "GET /images/hp.gif HTTP/1.0" 200 71
173708 - - [29/Jun/1998:22:00:24 +0000] "GET /images/dot.gif HTTP/1.0" 200 43
2192980 - - [29/Jun/1998:22:00:24 +0000] "GET /english/images/hm_score_next.gif HTTP/1.0" 200 938
235645 - - [29/Jun/1998:22:00:24 +0000] "GET /english/images/nav_team_off.gif HTTP/1.0" 200 776
2238406 - - [29/Jun/1998:22:00:24 +0000] "GET /images/hm_score_up_line03.gif HTTP/1.0" 200 90
2006433 - - [29/Jun/1998:22:00:24 +0000] "GET /images/hm_bg_splash.gif HTTP/1.0" 200 191
2200646 - - [29/Jun/1998:22:00:24 +0000] "GET /english/images/store_anim_nav.gif HTTP/1.1" 200 3432
1885345 - - [29/Jun/1998:22:00:24 +0000] "GET /images/hm_arw_01.gif HTTP/1.0" 200 464
2200557 - - [29/Jun/1998:22:00:24 +0000] "GET /images/hm_ligne2_col1.gif HTTP/1.0" 200 322
36243 - - [29/Jun/1998:22:00:24 +0000] "GET /images/thumbnails_sup_v_15.jpg HTTP/1.1" 200 3467
2200639 - - [29/Jun/1998:22:00:24 +0000] "GET /images/space.gif HTTP/1.0" 304 0
44864 - - [29/Jun/1998:22:00:24 +0000] "GET /images/acc_welcome_e.gif HTTP/1.0" 200 2513
20880 - - [29/Jun/1998:22:00:24 +0000] "GET /images/acc_welcome_f.gif HTTP/1.0" 200 2572
1892805 - - [29/Jun/1998:22:00:24 +0000] "GET /english/nav_top_inet.html HTTP/1.0" 304 0
2200650 - - [29/Jun/1998:22:00:24 +0000] "GET /images/hm_btm_arw01.gif HTTP/1.0" 200 428
2200030 - - [29/Jun/1998:22:00:24 +0000] "GET /english/images/hm_score_next.gif HTTP/1.0" 200 938
1032702 - - [29/Jun/1998:22:00:24 +0000] "GET /images/nav_bg_bottom.jpg HTTP/1.0" 200 8389
2035874 - - [29/Jun/1998:22:00:24 +0000] "GET /images/hm_score_up_line02.gif HTTP/1.0" 200 89
2066312 - - [29/Jun/1998:22:00:24 +0000] "GET /english/images/store_anim_nav.gif HTTP/1.0" 200 3432
2357515 - - [29/Jun/1998:22:00:24 +0000] "GET /images/s102323.gif HTTP/1.0" 200 152
82410 - - [29/Jun/1998:22:00:24 +0000] "GET /english/images/nav_comp_off.gif HTTP/1.0" 200 994
2228281 - - [29/Jun/1998:22:00:24 +0000] "GET /images/hm_hola.gif HTTP/1.0" 200 2240
25841 - - [29/Jun/1998:22:00:24 +0000] "GET /french/index.html HTTP/1.0" 200 954
2358067 - - [29/Jun/1998:22:00:24 +0000] "GET /images/hm_ligne1_col3.gif HTTP/1.0" 304 0
2358067 - - [29/Jun/1998:22:00:24 +0000] "GET /images/hm_hola.gif HTTP/1.0" 304 0
1408483 - - [29/Jun/1998:22:00:24 +0000] "GET /english/competition/stage2.htm HTTP/1.0" 200 16161
1560941 - - [29/Jun/1998:22:00:24 +0000] "GET /images/hm_ligne1_col3.gif HTTP/1.1" 200 1065
2404308 - - [29/Jun/1998:22:00:24 +0000] "GET /english/images/hm_ligne2_col3.gif HTTP/1.0" 200 1412
1700344 - - [29/Jun/1998:22:00:24 +0000] "GET /english/news/recap47.htm HTTP/1.0" 200 13274
449001 - - [29/Jun/1998:22:00:24 +0000] "GET /images/hm_score_up_line03.gif HTTP/1.0" 200 90
38186 - - [29/Jun/1998:22:00:24 +0000] "GET /images/mprev_link01.gif HTTP/1.0" 200 383
1516762 - - [29/Jun/1998:22:00:24 +0000] "GET /english/images/hm_caption_f98f.gif HTTP/1.0" 200 8736
34458 - - [29/Jun/1998:22:00:24 +0000] "GET /english/images/hm_ligne4_col4.gif HTTP/1.0" 200 5573
19333 - - [29/Jun/1998:22:00:24 +0000] "GET /images/nav_arw_l.gif HTTP/1.0" 200 316
2404312 - - [29/Jun/1998:22:00:24 +0000] "GET /english/images/hm_score_previous.gif HTTP/1.0" 200 1082
2199015 - - [29/Jun/1998:22:00:24 +0000] "GET /images/hm_btm_arw01.gif HTTP/1.0" 200 428
3486 - - [29/Jun/1998:22:00:24 +0000] "GET /english/images/hm_score_today_head.gif HTTP/1.0" 304 0
2298035 - - [29/Jun/1998:22:00:24 +0000] "GET /english/images/nav_tickets_off.gif HTTP/1.0" 200 937
655290 - - [29/Jun/1998:22:00:24 +0000] "GET /images/mpa_link.gif HTTP/1.0" 200 546
1708218 - - [29/Jun/1998:22:00:24 +0000] "GET /images/backnews.gif HTTP/1.0" 200 3964
3486 - - [29/Jun/1998:22:00:24 +0000] "GET /images/hm_score_up_line02.gif HTTP/1.0" 200 89
143320 - - [29/Jun/1998:22:00:24 +0000] "GET /images/hm_f98_top.gif HTTP/1.1" 304 -
1873916 - - [29/Jun/1998:22:00:24 +0000] "GET /images/comp_stage2_brc_botr.gif HTTP/1.0" 304 0
2200030 - - [29/Jun/1998:22:00:24 +0000] "GET /english/splash_inet.html HTTP/1.0" 200 45980
2200648 - - [29/Jun/1998:22:00:24 +0000] "GET /english/nav_top_inet.html HTTP/1.1" 304 0
2213 - - [29/Jun/1998:22:00:24 +0000] "GET /images/hm_ligne2_col1.gif HTTP/1.0" 200 322
5935 - - [29/Jun/1998:22:00:24 +0000] "GET /english/images/nav_news_off.gif HTTP/1.0" 200 853
2213 - - [29/Jun/1998:22:00:24 +0000] "GET /images/hm_arw_02.gif HTTP/1.0" 200 482
2200630 - - [29/Jun/1998:22:00:24 +0000] "GET /english/images/hm_ligne4_col4.gif HTTP/1.0" 200 5573
5935 - - [29/Jun/1998:22:00:24 +0000] "GET /english/images/nav_team_off.gif HTTP/1.0" 200 776
557414 - - [29/Jun/1998:22:00:24 +0000] "GET /english/images/comp_bu_stage2n_on.gif HTTP/1.0" 304 0
2200628 - - [29/Jun/1998:22:00:24 +0000] "GET /english/SoccerClock.class HTTP/1.0" 200 3867
2200638 - - [29/Jun/1998:22:00:24 +0000] "GET /images/hm_btm_arw05.gif HTTP/1.0" 200 360
403228 - - [29/Jun/1998:22:00:24 +0000] "GET /english/images/hm_btm_luca.gif HTTP/1.0" 200 1308
1840014 - - [29/Jun/1998:22:00:24 +0000] "GET /images/3cat03.gif HTTP/1.1" 200 1928
1032702 - - [29/Jun/1998:22:00:24 +0000] "GET /images/hm_ligne1_col3.gif HTTP/1.0" 200 1065
1840014 - - [29/Jun/1998:22:00:24 +0000] "GET /images/3cat06.gif HTTP/1.1" 200 2281
2200638 - - [29/Jun/1998:22:00:24 +0000] "GET /images/hm_btm_btm.gif HTTP/1.0" 200 283
2200576 - - [29/Jun/1998:22:00:24 +0000] "GET /english/teams/teambio19.htm HTTP/1.0" 200 13970
2200638 - - [29/Jun/1998:22:00:24 +0000] "GET /images/hm_btm_arw03.gif HTTP/1.0" 200 428
1840014 - - [29/Jun/1998:22:00:24 +0000] "GET /images/3cat09.gif HTTP/1.1" 200 2211
1840014 - - [29/Jun/1998:22:00:24 +0000] "GET /images/arw_lk.gif HTTP/1.1" 200 669
13363 - - [29/Jun/1998:22:00:24 +0000] "GET /images/dot.gif HTTP/1.0" 200 43
2200628 - - [29/Jun/1998:22:00:24 +0000] "GET /images/hm_arw_03.gif HTTP/1.0" 200 472
2357515 - - [29/Jun/1998:22:00:24 +0000] "GET /images/s102386.gif HTTP/1.0" 200 279
2357927 - - [29/Jun/1998:22:00:24 +0000] "GET /images/14758.jpg HTTP/1.0" 200 2945
2358149 - - [29/Jun/1998:22:00:24 +0000] "GET /images/s102328.gif HTTP/1.1" 200 236
1934500 - - [29/Jun/1998:22:00:24 +0000] "GET /english/images/nav_logo_sponsors.gif HTTP/1.0" 304 0
2358002 - - [29/Jun/1998:22:00:24 +0000] "GET /images/base.gif HTTP/1.1" 200 366
291502 - - [29/Jun/1998:22:00:24 +0000] "GET /images/hm_lbn_tp_rborder.gif HTTP/1.0" 200 872
728424 - - [29/Jun/1998:22:00:24 +0000] "GET /english/competition/stage2.htm HTTP/1.0" 200 16161
2404307 - - [29/Jun/1998:22:00:24 +0000] "GET /english/images/nav_home_off.gif HTTP/1.1" 200 828
2358173 - - [29/Jun/1998:22:00:24 +0000] "GET /images/hm_score_up_line02.gif HTTP/1.0" 200 89
1541680 - - [29/Jun/1998:22:00:24 +0000] "GET /images/mpa5305.jpg HTTP/1.0" 200 4265
2262336 - - [29/Jun/1998:22:00:24 +0000] "GET /images/comp_bg2_hm.gif HTTP/1.1" 404 335
147858 - - [29/Jun/1998:22:00:24 +0000] "GET /english/images/hm_ligne3_col1.gif HTTP/1.0" 200 2051
147858 - - [29/Jun/1998:22:00:24 +0000] "GET /english/images/hm_ligne2_col3.gif HTTP/1.0" 200 1412
22532 - - [29/Jun/1998:22:00:24 +0000] "GET /images/102336.gif HTTP/1.0" 200 1617
1182498 - - [29/Jun/1998:22:00:24 +0000] "GET /english/images/hm_score_today_head.gif HTTP/1.0" 200 1618
134369 - - [29/Jun/1998:22:00:24 +0000] "GET /images/bord_d.gif HTTP/1.0" 200 231
2262336 - - [29/Jun/1998:22:00:24 +0000] "GET /images/comp_stage2_brc_top.gif HTTP/1.1" 200 163
147858 - - [29/Jun/1998:22:00:24 +0000] "GET /english/images/hm_ligne4_col4.gif HTTP/1.0" 200 5573
1831453 - - [29/Jun/1998:22:00:24 +0000] "GET /english/images/hm_caption_f98.gif HTTP/1.0" 200 9188
199976 - - [29/Jun/1998:22:00:24 +0000] "GET /english/hosts/fifa/fifa.html HTTP/1.0" 200 4092
1400084 - - [29/Jun/1998:22:00:24 +0000] "GET /english/history/past_cups/images/past_header.gif HTTP/1.0" 200 1989
134369 - - [29/Jun/1998:22:00:24 +0000] "GET /images/102378s.gif HTTP/1.0" 200 795
2017409 - - [29/Jun/1998:22:00:24 +0000] "GET /english/images/hm_score_next.gif HTTP/1.0" 200 938
68908 - - [29/Jun/1998:22:00:24 +0000] "GET /images/comp_bg2_hm.gif HTTP/1.0" 404 337
3436 - - [29/Jun/1998:22:00:24 +0000] "GET /images/bord_stories01.gif HTTP/1.0" 200 333
1333340 - - [29/Jun/1998:22:00:24 +0000] "GET /images/hm_score_up_line01.gif HTTP/1.0" 200 106
49059 - - [29/Jun/1998:22:00:24 +0000] "GET /images/nws_comp_bdr_r.gif HTTP/1.0" 200 293
2298374 - - [29/Jun/1998:22:00:24 +0000] "GET /english/images/news_btn_part_off.gif HTTP/1.1" 200 1295
13920 - - [29/Jun/1998:22:00:24 +0000] "GET /images/hm_arw_03.gif HTTP/1.0" 200 472
124679 - - [29/Jun/1998:22:00:24 +0000] "GET /english/images/hm_ligne2_col3.gif HTTP/1.0" 200 1412
13920 - - [29/Jun/1998:22:00:24 +0000] "GET /images/hm_lbn_tp_btm.gif HTTP/1.0" 200 949
2262358 - - [29/Jun/1998:22:00:24 +0000] "GET /images/clouds.gif HTTP/1.0" 200 175
159701 - - [29/Jun/1998:22:00:24 +0000] "GET /images/acc_welcome_f.gif HTTP/1.0" 200 2572
696397 - - [29/Jun/1998:22:00:24 +0000] "GET /images/mpa_grp_h_e.gif HTTP/1.1" 200 554
22532 - - [29/Jun/1998:22:00:24 +0000] "GET /images/mpa4903.jpg HTTP/1.0" 200 3379
1530254 - - [29/Jun/1998:22:00:24 +0000] "GET /english/news/recap_main.htm HTTP/1.0" 200 16145
1431069 - - [29/Jun/1998:22:00:24 +0000] "GET /images/hm_score_border_r01.gif HTTP/1.0" 200 929
13920 - - [29/Jun/1998:22:00:24 +0000] "GET /images/hm_lbn_tp_rborder.gif HTTP/1.0" 200 872
914810 - - [29/Jun/1998:22:00:24 +0000] "GET /images/140875.gif HTTP/1.0" 200 1687
638547 - - [29/Jun/1998:22:00:24 +0000] "GET /english/images/nav_venue_off.gif HTTP/1.0" 200 870
13920 - - [29/Jun/1998:22:00:24 +0000] "GET /english/images/hm_top_stories_head.gif HTTP/1.0" 200 1272
423446 - - [29/Jun/1998:22:00:24 +0000] "GET /images/dot.gif HTTP/1.1" 200 43
2298410 - - [29/Jun/1998:22:00:24 +0000] "GET /english/playing/hpeng_formulaire.html HTTP/1.0" 200 5728
2262350 - - [29/Jun/1998:22:00:24 +0000] "GET /images/dot.gif HTTP/1.0" 200 43
2298410 - - [29/Jun/1998:22:00:24 +0000] "GET /images/hpeng_envoyer_on.gif HTTP/1.0" 200 1227
15485 - - [29/Jun/1998:22:00:24 +0000] "GET /images/102320s.gif HTTP/1.0" 304 0
1130518 - - [29/Jun/1998:22:00:24 +0000] "GET /english/images/hm_ligne3_col1.gif HTTP/1.0" 200 2051
525062 - - [29/Jun/1998:22:00:24 +0000] "GET / HTTP/1.0" 200 4930
3436 - - [29/Jun/1998:22:00:24 +0000] "GET /images/bord_stories.gif HTTP/1.0" 200 520
605770 - - [29/Jun/1998:22:00:24 +0000] "GET /images/102329s.gif HTTP/1.0" 200 799
654617 - - [29/Jun/1998:22:00:24 +0000] "GET /english/images/comp_bu_groupsn.gif HTTP/1.0" 304 0
13920 - - [29/Jun/1998:22:00:24 +0000] "GET /images/hm_arw_01.gif HTTP/1.0" 304 -
955562 - - [29/Jun/1998:22:00:24 +0000] "GET /images/102376.gif HTTP/1.0" 200 1550
605770 - - [29/Jun/1998:22:00:24 +0000] "GET /images/102321s.gif HTTP/1.0" 200 793
710 - - [29/Jun/1998:22:00:25 +0000] "GET /images/acc_copyright.gif HTTP/1.0" 200 1665
2262350 - - [29/Jun/1998:22:00:25 +0000] "GET /images/hm_btm_arw05.gif HTTP/1.0" 200 360
1431069 - - [29/Jun/1998:22:00:25 +0000] "GET /images/hp.gif HTTP/1.0" 200 71
1130518 - - [29/Jun/1998:22:00:25 +0000] "GET /english/images/hm_ligne3_col2.gif HTTP/1.0" 200 1310
1387 - - [29/Jun/1998:22:00:25 +0000] "GET /images/hm_score_up_line01.gif HTTP/1.0" 200 106
914810 - - [29/Jun/1998:22:00:25 +0000] "GET /images/102353.gif HTTP/1.0" 200 953
528791 - - [29/Jun/1998:22:00:25 +0000] "GET /images/comp_stage2_brc_botr.gif HTTP/1.0" 304 0
2298410 - - [29/Jun/1998:22:00:25 +0000] "GET /images/hpeng_for_02.gif HTTP/1.0" 200 545
150755 - - [29/Jun/1998:22:00:25 +0000] "GET /english/news/comp_bestof_action.htm HTTP/1.0" 200 4157
30321 - - [29/Jun/1998:22:00:25 +0000] "GET /english/images/hm_caption_f98f.gif HTTP/1.0" 304 -
423446 - - [29/Jun/1998:22:00:25 +0000] "GET /english/images/hm_ligne3_col2.gif HTTP/1.1" 200 1310
1550 - - [29/Jun/1998:22:00:25 +0000] "GET /english/splash_inet.html HTTP/1.0" 200 45980
30321 - - [29/Jun/1998:22:00:25 +0000] "GET /images/hm_btm_arw01.gif HTTP/1.0" 304 -
605770 - - [29/Jun/1998:22:00:25 +0000] "GET /images/mpa_grp_b_e.gif HTTP/1.0" 200 547
423446 - - [29/Jun/1998:22:00:25 +0000] "GET /english/images/hm_caption_f98f.gif HTTP/1.1" 200 8736
2298408 - - [29/Jun/1998:22:00:25 +0000] "GET /images/bord_g.gif HTTP/1.1" 200 231
2298402 - - [29/Jun/1998:22:00:25 +0000] "GET /english/images/team_hm_header.gif HTTP/1.0" 200 763
1406824 - - [29/Jun/1998:22:00:25 +0000] "GET /images/hm_btm_arw05.gif HTTP/1.0" 200 360
594938 - - [29/Jun/1998:22:00:25 +0000] "GET /images/hp.gif HTTP/1.0" 304 -
131682 - - [29/Jun/1998:22:00:25 +0000] "GET /english/teams/teamgroup.htm HTTP/1.0" 200 11971
147858 - - [29/Jun/1998:22:00:25 +0000] "GET /english/images/hm_score_today.gif HTTP/1.0" 200 889
1182498 - - [29/Jun/1998:22:00:25 +0000] "GET /english/images/hm_ligne3_col1.gif HTTP/1.0" 200 2051
10701 - - [29/Jun/1998:22:00:25 +0000] "GET /images/ligne01.gif HTTP/1.1" 200 169
147858 - - [29/Jun/1998:22:00:25 +0000] "GET /images/hm_score_down_line02.gif HTTP/1.0" 200 82
2262210 - - [29/Jun/1998:22:00:25 +0000] "GET /images/s102326.gif HTTP/1.0" 304 0
147858 - - [29/Jun/1998:22:00:25 +0000] "GET /images/hm_score_inter02.gif HTTP/1.0" 200 305
147276 - - [29/Jun/1998:22:00:25 +0000] "GET /images/hm_score_down_line03.gif HTTP/1.0" 200 90
525062 - - [29/Jun/1998:22:00:25 +0000] "GET /images/mpa4901.jpg HTTP/1.0" 200 3634
13920 - - [29/Jun/1998:22:00:25 +0000] "GET /images/hm_btm_arw02.gif HTTP/1.0" 200 428
2298136 - - [29/Jun/1998:22:00:25 +0000] "GET /english/images/hm_caption_f98f.gif HTTP/1.0" 200 8736
1174246 - - [29/Jun/1998:22:00:25 +0000] "GET /english/images/hm_top_stories_head.gif HTTP/1.1" 200 1272
13920 - - [29/Jun/1998:22:00:25 +0000] "GET /images/hm_btm_arw05.gif HTTP/1.0" 200 360
3436 - - [29/Jun/1998:22:00:25 +0000] "GET /images/factoid_info.gif HTTP/1.0" 200 1005
211717 - - [29/Jun/1998:22:00:25 +0000] "GET /english/hosts/images/host_header.gif HTTP/1.0" 200 808
211717 - - [29/Jun/1998:22:00:25 +0000] "GET /english/hosts/images/france98b.gif HTTP/1.0" 200 487
1431681 - - [29/Jun/1998:22:00:25 +0000] "GET /images/hm_btm_arw03.gif HTTP/1.0" 200 428
915289 - - [29/Jun/1998:22:00:25 +0000] "GET /images/mpa5003.jpg HTTP/1.0" 200 4160
2262336 - - [29/Jun/1998:22:00:25 +0000] "GET /images/comp_stage2_brc_botr.gif HTTP/1.1" 200 158
2201403 - - [29/Jun/1998:22:00:25 +0000] "GET /english/images/team_hm_header.gif HTTP/1.0" 304 0
69205 - - [29/Jun/1998:22:00:25 +0000] "GET /images/mpa_head_l.gif HTTP/1.1" 200 276
1400084 - - [29/Jun/1998:22:00:25 +0000] "GET /english/history/past_cups/images/past_bu_50_off.gif HTTP/1.0" 200 392
18804 - - [29/Jun/1998:22:00:25 +0000] "GET /images/acc_bg.gif HTTP/1.0" 304 0
522477 - - [29/Jun/1998:22:00:25 +0000] "GET /images/team_eng.jpg HTTP/1.0" 200 11101
1097085 - - [29/Jun/1998:22:00:25 +0000] "GET /english/images/space.gif HTTP/1.0" 200 42
147858 - - [29/Jun/1998:22:00:25 +0000] "GET /english/images/hm_score_previous.gif HTTP/1.0" 200 1082
9534 - - [29/Jun/1998:22:00:25 +0000] "GET /images/clouds.gif HTTP/1.0" 200 175
2358214 - - [29/Jun/1998:22:00:25 +0000] "GET /images/hm_btm_arw02.gif HTTP/1.0" 200 428
2358171 - - [29/Jun/1998:22:00:25 +0000] "GET /images/hm_score_border_l_on.gif HTTP/1.0" 200 348
466281 - - [29/Jun/1998:22:00:25 +0000] "GET /images/hm_score_down_line02.gif HTTP/1.0" 200 82
291502 - - [29/Jun/1998:22:00:25 +0000] "GET /english/images/hm_nav_bar.gif HTTP/1.0" 200 3792
2357515 - - [29/Jun/1998:22:00:25 +0000] "GET /images/s102487.gif HTTP/1.0" 200 269
2358149 - - [29/Jun/1998:22:00:25 +0000] "GET /images/s102376.gif HTTP/1.1" 200 190
2298555 - - [29/Jun/1998:22:00:25 +0000] "GET /images/102327s.gif HTTP/1.1" 200 782
728424 - - [29/Jun/1998:22:00:25 +0000] "GET /english/images/comp_hm_header.gif HTTP/1.0" 200 1189
291502 - - [29/Jun/1998:22:00:25 +0000] "GET /english/images/hm_caption_f98.gif HTTP/1.0" 200 9188
728424 - - [29/Jun/1998:22:00:25 +0000] "GET /images/comp_stage2_brc_top.gif HTTP/1.0" 200 163
44864 - - [29/Jun/1998:22:00:25 +0000] "GET /english/images/nav_comp_off.gif HTTP/1.0" 200 994
2200638 - - [29/Jun/1998:22:00:25 +0000] "GET /images/hm_btm_arw04.gif HTTP/1.0" 200 363
2200638 - - [29/Jun/1998:22:00:25 +0000] "GET /images/clouds.gif HTTP/1.0" 200 175
810343 - - [29/Jun/1998:22:00:25 +0000] "GET /images/hm_arw_01.gif HTTP/1.0" 200 464
2200628 - - [29/Jun/1998:22:00:25 +0000] "GET /images/hm_score_up_line03.gif HTTP/1.0" 200 90
2213 - - [29/Jun/1998:22:00:25 +0000] "GET /images/hm_factoids_02_03.gif HTTP/1.0" 200 240
233511 - - [29/Jun/1998:22:00:25 +0000] "GET /french/images/hm_gold_goal.gif HTTP/1.0" 200 204
37601 - - [29/Jun/1998:22:00:25 +0000] "GET /english/images/hm_ligne2_col3.gif HTTP/1.0" 200 1412
2200638 - - [29/Jun/1998:22:00:25 +0000] "GET /images/hm_arw_01.gif HTTP/1.0" 200 464
2200628 - - [29/Jun/1998:22:00:25 +0000] "GET /english/images/hm_ligne4_col4.gif HTTP/1.0" 200 5573
2200628 - - [29/Jun/1998:22:00:25 +0000] "GET /images/hm_score_border_l_on.gif HTTP/1.0" 200 348
1346 - - [29/Jun/1998:22:00:25 +0000] "GET /english/news/recap53.htm HTTP/1.0" 200 14513
2200638 - - [29/Jun/1998:22:00:25 +0000] "GET /english/images/hm_score_next.gif HTTP/1.0" 200 938
2123966 - - [29/Jun/1998:22:00:25 +0000] "GET /english/images/hm_score_next.gif HTTP/1.0" 200 938
2200638 - - [29/Jun/1998:22:00:25 +0000] "GET /images/hm_score_border_r01.gif HTTP/1.0" 200 929
143320 - - [29/Jun/1998:22:00:25 +0000] "GET /english/images/comp_bu_refsn.gif HTTP/1.1" 304 -
840280 - - [29/Jun/1998:22:00:25 +0000] "GET /english/images/hm_factoids_01_02.gif HTTP/1.0" 200 901
840280 - - [29/Jun/1998:22:00:25 +0000] "GET /images/hm_factoids_01_03.gif HTTP/1.0" 200 224
2213 - - [29/Jun/1998:22:00:25 +0000] "GET /images/hm_score_inter01.gif HTTP/1.0" 200 298
199692 - - [29/Jun/1998:22:00:25 +0000] "GET /english/help/site.html HTTP/1.0" 200 7696
10081 - - [29/Jun/1998:22:00:25 +0000] "GET /english/images/hm_ligne2_col3.gif HTTP/1.0" 200 1412
152904 - - [29/Jun/1998:22:00:25 +0000] "GET /english/images/nav_store_off.gif HTTP/1.1" 200 934
2200412 - - [29/Jun/1998:22:00:25 +0000] "GET /images/hm_lbn_tp_btm.gif HTTP/1.0" 200 949
441585 - - [29/Jun/1998:22:00:25 +0000] "GET /images/102381s.gif HTTP/1.0" 304 0
2213 - - [29/Jun/1998:22:00:25 +0000] "GET /english/images/hm_gold_goal.gif HTTP/1.0" 200 236
2200412 - - [29/Jun/1998:22:00:25 +0000] "GET /english/images/hm_btm_luca.gif HTTP/1.0" 200 1308
2200606 - - [29/Jun/1998:22:00:25 +0000] "GET /images/bestof_09.jpg HTTP/1.0" 200 2925
1257513 - - [29/Jun/1998:22:00:25 +0000] "GET /images/s102357.gif HTTP/1.0" 200 173
145116 - - [29/Jun/1998:22:00:25 +0000] "GET /images/hm_score_up_line01.gif HTTP/1.0" 200 106
3486 - - [29/Jun/1998:22:00:25 +0000] "GET /english/images/hm_btm_luca.gif HTTP/1.0" 200 1308
68684 - - [29/Jun/1998:22:00:25 +0000] "GET /english/images/nav_tickets_off.gif HTTP/1.0" 200 937
1084518 - - [29/Jun/1998:22:00:25 +0000] "GET /english/SoccerClock.class HTTP/1.1" 304 0
145116 - - [29/Jun/1998:22:00:25 +0000] "GET /images/hm_score_up_line03.gif HTTP/1.0" 200 90
2358164 - - [29/Jun/1998:22:00:25 +0000] "GET /english/images/hm_ligne4_col4.gif HTTP/1.1" 200 5573
2080117 - - [29/Jun/1998:22:00:25 +0000] "GET /english/nav_inet.html HTTP/1.1" 200 3038
2358171 - - [29/Jun/1998:22:00:25 +0000] "GET /images/hm_score_up_line03.gif HTTP/1.0" 200 90
2896 - - [29/Jun/1998:22:00:25 +0000] "GET /images/factoid_info.gif HTTP/1.0" 200 1005
17310 - - [29/Jun/1998:22:00:25 +0000] "GET /images/acc_tools.gif HTTP/1.0" 200 2696
452764 - - [29/Jun/1998:22:00:25 +0000] "GET /english/images/nav_venue_off.gif HTTP/1.1" 200 870
963293 - - [29/Jun/1998:22:00:25 +0000] "GET /english/splash_inet.html HTTP/1.0" 200 45980
34458 - - [29/Jun/1998:22:00:25 +0000] "GET /english/images/hm_ligne3_col2.gif HTTP/1.0" 200 1310
1083229 - - [29/Jun/1998:22:00:25 +0000] "GET /images/dot.gif HTTP/1.0" 304 0
2358200 - - [29/Jun/1998:22:00:25 +0000] "GET /english/images/nav_field_off.gif HTTP/1.1" 200 1005
2358181 - - [29/Jun/1998:22:00:25 +0000] "GET /js/factoid.js HTTP/1.0" 200 12184
68684 - - [29/Jun/1998:22:00:25 +0000] "GET /english/images/nav_store_off.gif HTTP/1.0" 304 -
191787 - - [29/Jun/1998:22:00:25 +0000] "GET /images/s102376.gif HTTP/1.0" 304 -
84584 - - [29/Jun/1998:22:00:25 +0000] "GET /images/hm_f98_top.gif HTTP/1.0" 200 749
2358003 - - [29/Jun/1998:22:00:25 +0000] "GET /images/hm_f98_top.gif HTTP/1.1" 200 749
2358190 - - [29/Jun/1998:22:00:25 +0000] "GET /english/images/nav_team_off.gif HTTP/1.0" 200 776
1253399 - - [29/Jun/1998:22:00:25 +0000] "GET /english/images/comp_bu_stage1n_on.gif HTTP/1.0" 304 0
2357515 - - [29/Jun/1998:22:00:25 +0000] "GET /english/images/team_group_header_e.gif HTTP/1.0" 200 643
77104 - - [29/Jun/1998:22:00:25 +0000] "GET /english/competition/statistics.htm HTTP/1.0" 200 17210
1933262 - - [29/Jun/1998:22:00:25 +0000] "GET /images/hm_btm_arw01.gif HTTP/1.0" 200 428
2066312 - - [29/Jun/1998:22:00:25 +0000] "GET /images/hm_btm_btm.gif HTTP/1.0" 304 0
1628171 - - [29/Jun/1998:22:00:25 +0000] "GET /images/nav_arw_r.gif HTTP/1.0" 200 313
1172298 - - [29/Jun/1998:22:00:25 +0000] "GET /images/logo_cfo.gif HTTP/1.0" 304 0
2329945 - - [29/Jun/1998:22:00:25 +0000] "GET /english/news/10095.htm HTTP/1.1" 404 207
2358177 - - [29/Jun/1998:22:00:25 +0000] "GET /english/images/hm_nav_bar.gif HTTP/1.0" 200 3792
143320 - - [29/Jun/1998:22:00:25 +0000] "GET /images/mpa_grp_h_e.gif HTTP/1.1" 200 554
1892805 - - [29/Jun/1998:22:00:25 +0000] "GET /english/images/nav_comp_off.gif HTTP/1.0" 200 994
2200650 - - [29/Jun/1998:22:00:25 +0000] "GET /images/hm_score_up_line02.gif HTTP/1.0" 200 89
1892805 - - [29/Jun/1998:22:00:25 +0000] "GET /english/images/nav_store_off.gif HTTP/1.0" 200 934
2244210 - - [29/Jun/1998:22:00:25 +0000] "GET /english/images/hm_caption_f98.gif HTTP/1.1" 200 9188
1880814 - - [29/Jun/1998:22:00:25 +0000] "GET /images/f98dnld_memo_sc2.gif HTTP/1.0" 304 -
44864 - - [29/Jun/1998:22:00:25 +0000] "GET /images/acc_sponsors.gif HTTP/1.0" 200 2740
14961 - - [29/Jun/1998:22:00:25 +0000] "GET /english/images/comp_hm_header.gif HTTP/1.1" 200 1189
1892805 - - [29/Jun/1998:22:00:25 +0000] "GET /english/images/nav_sitemap_off.gif HTTP/1.0" 304 0
2200624 - - [29/Jun/1998:22:00:25 +0000] "GET /images/hm_score_down_line02.gif HTTP/1.0" 200 82
2238406 - - [29/Jun/1998:22:00:25 +0000] "GET /english/images/nav_venue_off.gif HTTP/1.0" 200 870
173708 - - [29/Jun/1998:22:00:25 +0000] "GET /images/hm_score_down_line03.gif HTTP/1.0" 200 90
36807 - - [29/Jun/1998:22:00:25 +0000] "GET /english/splash_inet.html HTTP/1.0" 200 45980
1054262 - - [29/Jun/1998:22:00:25 +0000] "GET /images/102324s.gif HTTP/1.0" 304 0
1430640 - - [29/Jun/1998:22:00:25 +0000] "GET /english/images/hm_ligne2_col3.gif HTTP/1.1" 200 1412
1430640 - - [29/Jun/1998:22:00:25 +0000] "GET /english/images/hm_ligne3_col1.gif HTTP/1.1" 200 2051
173708 - - [29/Jun/1998:22:00:25 +0000] "GET /english/images/nav_store_off.gif HTTP/1.0" 200 934
1885345 - - [29/Jun/1998:22:00:25 +0000] "GET /images/hm_score_down_line02.gif HTTP/1.0" 200 82
614008 - - [29/Jun/1998:22:00:25 +0000] "GET /images/hist7802.jpg HTTP/1.0" 200 10813
2238406 - - [29/Jun/1998:22:00:25 +0000] "GET /english/images/hm_caption_f98.gif HTTP/1.0" 200 9188
173708 - - [29/Jun/1998:22:00:25 +0000] "GET /english/images/hm_score_previous.gif HTTP/1.0" 200 1082
652398 - - [29/Jun/1998:22:00:25 +0000] "GET /english/images/nav_comp_off.gif HTTP/1.1" 200 994
2262336 - - [29/Jun/1998:22:00:25 +0000] "GET /images/comp_stage2_brc_bot.gif HTTP/1.1" 200 160
134369 - - [29/Jun/1998:22:00:25 +0000] "GET /images/mprev_link02b.gif HTTP/1.0" 200 187
2262348 - - [29/Jun/1998:22:00:25 +0000] "GET /images/hp.gif HTTP/1.0" 200 71
2262336 - - [29/Jun/1998:22:00:25 +0000] "GET /images/comp_stage2_brc.gif HTTP/1.1" 200 82
55 - - [29/Jun/1998:22:00:25 +0000] "GET / HTTP/1.0" 200 4930
522477 - - [29/Jun/1998:22:00:25 +0000] "GET /images/102377.gif HTTP/1.0" 304 0
1075978 - - [29/Jun/1998:22:00:25 +0000] "GET /images/acc_anime.gif HTTP/1.0" 200 16456
1151526 - - [29/Jun/1998:22:00:25 +0000] "GET /images/news_arrow.gif HTTP/1.0" 200 141
1258949 - - [29/Jun/1998:22:00:25 +0000] "GET /english/images/hm_score_next_head.gif HTTP/1.0" 200 1426
779180 - - [29/Jun/1998:22:00:25 +0000] "GET /english/images/nav_field_off.gif HTTP/1.1" 200 1005
55 - - [29/Jun/1998:22:00:25 +0000] "GET / HTTP/1.0" 200 4930
710 - - [29/Jun/1998:22:00:25 +0000] "GET /images/acc_browsers.gif HTTP/1.0" 200 1682
464582 - - [29/Jun/1998:22:00:25 +0000] "GET /images/hm_factoids_02_01.gif HTTP/1.1" 200 1766
1137218 - - [29/Jun/1998:22:00:25 +0000] "GET /images/hm_score_down_line01.gif HTTP/1.0" 200 90
1137218 - - [29/Jun/1998:22:00:25 +0000] "GET /images/hm_score_up_line02.gif HTTP/1.0" 200 89
186638 - - [29/Jun/1998:22:00:25 +0000] "GET /images/hm_factoids_01_01.gif HTTP/1.0" 200 417
914810 - - [29/Jun/1998:22:00:25 +0000] "GET /images/102323.gif HTTP/1.0" 200 1340
2298410 - - [29/Jun/1998:22:00:25 +0000] "GET /images/hpeng_for_01.gif HTTP/1.0" 200 577
2298408 - - [29/Jun/1998:22:00:25 +0000] "GET /images/102380s.gif HTTP/1.1" 200 800
1333340 - - [29/Jun/1998:22:00:25 +0000] "GET /english/images/hm_ligne2_col3.gif HTTP/1.0" 200 1412
2298408 - - [29/Jun/1998:22:00:25 +0000] "GET /images/mprev_link01b.gif HTTP/1.1" 200 184
211717 - - [29/Jun/1998:22:00:25 +0000] "GET /english/hosts/images/hosts_bg.gif HTTP/1.0" 200 127
2298410 - - [29/Jun/1998:22:00:25 +0000] "GET /images/hpeng_for_03.gif HTTP/1.0" 200 412
2298374 - - [29/Jun/1998:22:00:25 +0000] "GET /english/images/today_new.gif HTTP/1.1" 200 915
2262355 - - [29/Jun/1998:22:00:25 +0000] "GET /english/images/hm_lbn_head.gif HTTP/1.1" 200 1273
1387 - - [29/Jun/1998:22:00:25 +0000] "GET /english/images/team_group_header_g.gif HTTP/1.0" 200 641
2262355 - - [29/Jun/1998:22:00:25 +0000] "GET /images/hm_lbn_tp_rborder.gif HTTP/1.1" 200 872
62331 - - [29/Jun/1998:22:00:25 +0000] "GET /english/images/hm_score_next.gif HTTP/1.0" 200 938
637862 - - [29/Jun/1998:22:00:25 +0000] "GET /english/images/hm_caption_f98f.gif HTTP/1.0" 200 8736
147858 - - [29/Jun/1998:22:00:25 +0000] "GET /images/hm_score_inter01.gif HTTP/1.0" 200 298
10701 - - [29/Jun/1998:22:00:25 +0000] "GET /images/ligne.gif HTTP/1.1" 200 169
159701 - - [29/Jun/1998:22:00:25 +0000] "GET /images/acc_welcome_e.gif HTTP/1.0" 200 2513
4119 - - [29/Jun/1998:22:00:25 +0000] "GET /images/team_den.jpg HTTP/1.0" 200 9702
1075978 - - [29/Jun/1998:22:00:25 +0000] "GET /images/acc_bg.gif HTTP/1.0" 200 10103
1097085 - - [29/Jun/1998:22:00:25 +0000] "GET /images/backnews.gif HTTP/1.0" 200 3964
1097085 - - [29/Jun/1998:22:00:25 +0000] "GET /english/images/fpnewstop.gif HTTP/1.0" 200 568
1097085 - - [29/Jun/1998:22:00:25 +0000] "GET /english/frntpage.htm HTTP/1.0" 200 17849
2200117 - - [29/Jun/1998:22:00:25 +0000] "GET /images/blank.gif HTTP/1.0" 200 85
696397 - - [29/Jun/1998:22:00:25 +0000] "GET /images/102443s.gif HTTP/1.1" 200 788
22532 - - [29/Jun/1998:22:00:25 +0000] "GET /images/mpa4904.jpg HTTP/1.0" 200 4155
2262355 - - [29/Jun/1998:22:00:25 +0000] "GET /english/images/hm_top_stories_head.gif HTTP/1.1" 200 1272
147858 - - [29/Jun/1998:22:00:25 +0000] "GET /images/hm_score_down_line01.gif HTTP/1.0" 200 90
1075978 - - [29/Jun/1998:22:00:25 +0000] "GET /images/acc_welcome_f.gif HTTP/1.0" 200 2572
2034218 - - [29/Jun/1998:22:00:25 +0000] "GET /english/images/nav_history_off.gif HTTP/1.0" 200 914
2034218 - - [29/Jun/1998:22:00:25 +0000] "GET /images/comp_bg2_hm.gif HTTP/1.0" 404 207
2034218 - - [29/Jun/1998:22:00:25 +0000] "GET /english/images/nav_field_off.gif HTTP/1.0" 200 1005
1794164 - - [29/Jun/1998:22:00:25 +0000] "GET /french/images/nav_news_off.gif HTTP/1.1" 200 855
1794164 - - [29/Jun/1998:22:00:25 +0000] "GET /french/splash_inet.html HTTP/1.1" 200 45368
1794164 - - [29/Jun/1998:22:00:25 +0000] "GET /french/images/nav_comp_off.gif HTTP/1.1" 200 995
3000 - - [29/Jun/1998:22:00:25 +0000] "GET /images/space.gif HTTP/1.0" 304 0
10081 - - [29/Jun/1998:22:00:25 +0000] "GET /images/hm_ligne1_col2.gif HTTP/1.0" 200 201
2213 - - [29/Jun/1998:22:00:25 +0000] "GET /images/hm_btm_btm.gif HTTP/1.0" 200 283
2213 - - [29/Jun/1998:22:00:25 +0000] "GET /english/images/hm_nav_bar.gif HTTP/1.0" 200 3792
5935 - - [29/Jun/1998:22:00:25 +0000] "GET /english/images/nav_tickets_off.gif HTTP/1.0" 200 937
2213 - - [29/Jun/1998:22:00:25 +0000] "GET /images/hm_score_up_line03.gif HTTP/1.0" 200 90
91 - - [29/Jun/1998:22:00:25 +0000] "GET /images/nav_bg_top.gif HTTP/1.0" 304 -
2432734 - - [29/Jun/1998:22:00:25 +0000] "GET /images/hm_score_inter02.gif HTTP/1.0" 200 305
2442248 - - [29/Jun/1998:22:00:25 +0000] "GET /images/hm_factoids_01_01.gif HTTP/1.1" 200 417
338355 - - [29/Jun/1998:22:00:25 +0000] "GET /images/mpa5304.jpg HTTP/1.0" 200 4946
2442249 - - [29/Jun/1998:22:00:25 +0000] "GET /images/hm_ligne2_col1.gif HTTP/1.0" 200 322
796776 - - [29/Jun/1998:22:00:25 +0000] "GET /english/images/hm_lbn_head.gif HTTP/1.0" 200 1273
2442249 - - [29/Jun/1998:22:00:25 +0000] "GET /english/images/hm_ligne3_col1.gif HTTP/1.0" 200 2051
2432734 - - [29/Jun/1998:22:00:25 +0000] "GET /images/hm_score_border_r01.gif HTTP/1.0" 200 929
1117277 - - [29/Jun/1998:22:00:25 +0000] "GET /images/nav_bg_top.gif HTTP/1.0" 200 929
1682724 - - [29/Jun/1998:22:00:25 +0000] "GET /english/images/nav_home_off.gif HTTP/1.0" 200 828
1962679 - - [29/Jun/1998:22:00:25 +0000] "GET /english/images/space.gif HTTP/1.0" 304 0
987961 - - [29/Jun/1998:22:00:25 +0000] "GET /images/hm_btm_arw04.gif HTTP/1.0" 200 363
2451258 - - [29/Jun/1998:22:00:25 +0000] "GET /english/images/nav_tickets_off.gif HTTP/1.1" 200 937
2155064 - - [29/Jun/1998:22:00:25 +0000] "GET /french/images/nav_hosts_off.gif HTTP/1.0" 200 1139
380774 - - [29/Jun/1998:22:00:25 +0000] "GET /images/hm_ligne1_col3.gif HTTP/1.0" 200 1065
